2017-06-27 07:26:47,705 | INFO  | Refreshing org.apache.activemq.xbean.XBeanBrokerFactory$1@5e3a8624: startup date [Tue Jun 27 07:26:47 UTC 2017]; root of context hierarchy | org.apache.activemq.xbean.XBeanBrokerFactory$1 | main
2017-06-27 07:26:49,170 | INFO  | PListStore:[/home/ubuntu/apache-activemq-5.8.0/cluster/broker-3/data/broker-3/tmp_storage] started | org.apache.activemq.store.kahadb.plist.PListStoreImpl | main
2017-06-27 07:26:49,206 | INFO  | Using Persistence Adapter: KahaDBPersistenceAdapter[/home/ubuntu/apache-activemq-5.8.0/cluster/broker-3/data/kahadb] | org.apache.activemq.broker.BrokerService | main
2017-06-27 07:26:49,453 | INFO  | Apache ActiveMQ 5.8.0 (broker-3, ID:ip-172-31-1-69-37547-1498548409324-0:1) is starting | org.apache.activemq.broker.BrokerService | main
2017-06-27 07:26:49,494 | INFO  | Listening for connections at: tcp://ip-172-31-1-69:61636?maximumConnections=1000&wireformat.maxFrameSize=104857600 | org.apache.activemq.transport.TransportServerThreadSupport | main
2017-06-27 07:26:49,496 | INFO  | Connector openwire Started | org.apache.activemq.broker.TransportConnector | main
2017-06-27 07:26:49,500 | INFO  | Listening for connections at: amqp://ip-172-31-1-69:5692?maximumConnections=1000&wireformat.maxFrameSize=104857600 | org.apache.activemq.transport.TransportServerThreadSupport | main
2017-06-27 07:26:49,501 | INFO  | Connector amqp Started | org.apache.activemq.broker.TransportConnector | main
2017-06-27 07:26:49,503 | INFO  | Apache ActiveMQ 5.8.0 (broker-3, ID:ip-172-31-1-69-37547-1498548409324-0:1) started | org.apache.activemq.broker.BrokerService | main
2017-06-27 07:26:49,503 | INFO  | For help or more information please see: http://activemq.apache.org | org.apache.activemq.broker.BrokerService | main
2017-06-27 07:26:49,504 | WARN  | Store limit is 102400 mb, whilst the data directory: /home/ubuntu/apache-activemq-5.8.0/cluster/broker-3/data/kahadb only has 6426 mb of usable space | org.apache.activemq.broker.BrokerService | main
2017-06-27 07:26:49,504 | ERROR | Temporary Store limit is 51200 mb, whilst the temporary data directory: /home/ubuntu/apache-activemq-5.8.0/cluster/broker-3/data/broker-3/tmp_storage only has 6426 mb of usable space | org.apache.activemq.broker.BrokerService | main
2017-06-27 07:26:50,391 | INFO  | Web console type: embedded | org.apache.activemq.web.WebConsoleStarter | main
2017-06-27 07:26:50,662 | INFO  | ActiveMQ WebConsole initialized. | org.apache.activemq.web.WebConsoleStarter | main
2017-06-27 07:26:50,777 | INFO  | Initializing Spring FrameworkServlet 'dispatcher' | /admin | main
2017-06-27 07:26:51,334 | INFO  | jolokia-agent: No access restrictor found at classpath:/jolokia-access.xml, access to all MBeans is allowed | /api | main
2017-06-27 07:29:23,316 | INFO  | Apache ActiveMQ 5.8.0 (broker-3, ID:ip-172-31-1-69-37547-1498548409324-0:1) is shutting down | org.apache.activemq.broker.BrokerService | Thread-16
2017-06-27 07:29:23,593 | INFO  | Connector openwire Stopped | org.apache.activemq.broker.TransportConnector | Thread-16
2017-06-27 07:29:23,670 | INFO  | Connector amqp Stopped | org.apache.activemq.broker.TransportConnector | Thread-16
2017-06-27 07:29:23,673 | INFO  | PListStore:[/home/ubuntu/apache-activemq-5.8.0/cluster/broker-3/data/broker-3/tmp_storage] stopped | org.apache.activemq.store.kahadb.plist.PListStoreImpl | Thread-16
2017-06-27 07:29:23,673 | INFO  | Stopping async queue tasks | org.apache.activemq.store.kahadb.KahaDBStore | Thread-16
2017-06-27 07:29:23,673 | INFO  | Stopping async topic tasks | org.apache.activemq.store.kahadb.KahaDBStore | Thread-16
2017-06-27 07:29:23,674 | INFO  | Stopped KahaDB | org.apache.activemq.store.kahadb.KahaDBStore | Thread-16
2017-06-27 07:29:24,079 | INFO  | Apache ActiveMQ 5.8.0 (broker-3, ID:ip-172-31-1-69-37547-1498548409324-0:1) uptime 2 minutes | org.apache.activemq.broker.BrokerService | Thread-16
2017-06-27 07:29:24,080 | INFO  | Apache ActiveMQ 5.8.0 (broker-3, ID:ip-172-31-1-69-37547-1498548409324-0:1) is shutdown | org.apache.activemq.broker.BrokerService | Thread-16
2017-06-27 07:29:24,080 | INFO  | Closing org.apache.activemq.xbean.XBeanBrokerFactory$1@5e3a8624: startup date [Tue Jun 27 07:26:47 UTC 2017]; root of context hierarchy | org.apache.activemq.xbean.XBeanBrokerFactory$1 | Thread-16
2017-06-27 07:29:24,113 | INFO  | Destroying Spring FrameworkServlet 'dispatcher' | /admin | Thread-16
2017-06-27 07:32:17,705 | INFO  | Refreshing org.apache.activemq.xbean.XBeanBrokerFactory$1@5e3a8624: startup date [Tue Jun 27 07:32:17 UTC 2017]; root of context hierarchy | org.apache.activemq.xbean.XBeanBrokerFactory$1 | main
2017-06-27 07:32:19,098 | INFO  | PListStore:[/home/ubuntu/apache-activemq-5.8.0/cluster/broker-3/data/broker-3/tmp_storage] started | org.apache.activemq.store.kahadb.plist.PListStoreImpl | main
2017-06-27 07:32:19,136 | INFO  | Using Persistence Adapter: KahaDBPersistenceAdapter[/home/ubuntu/apache-activemq-5.8.0/cluster/broker-3/data/kahadb] | org.apache.activemq.broker.BrokerService | main
2017-06-27 07:32:19,664 | INFO  | KahaDB is version 4 | org.apache.activemq.store.kahadb.MessageDatabase | main
2017-06-27 07:32:19,682 | INFO  | Recovering from the journal ... | org.apache.activemq.store.kahadb.MessageDatabase | main
2017-06-27 07:32:19,682 | INFO  | Recovery replayed 1 operations from the journal in 0.011 seconds. | org.apache.activemq.store.kahadb.MessageDatabase | main
2017-06-27 07:32:19,837 | INFO  | Apache ActiveMQ 5.8.0 (broker-3, ID:ip-172-31-1-69-45145-1498548739706-0:1) is starting | org.apache.activemq.broker.BrokerService | main
2017-06-27 07:32:19,874 | INFO  | Listening for connections at: tcp://ip-172-31-1-69:61636?maximumConnections=1000&wireformat.maxFrameSize=104857600 | org.apache.activemq.transport.TransportServerThreadSupport | main
2017-06-27 07:32:19,875 | INFO  | Connector openwire Started | org.apache.activemq.broker.TransportConnector | main
2017-06-27 07:32:19,878 | INFO  | Listening for connections at: amqp://ip-172-31-1-69:5692?maximumConnections=1000&wireformat.maxFrameSize=104857600 | org.apache.activemq.transport.TransportServerThreadSupport | main
2017-06-27 07:32:19,878 | INFO  | Connector amqp Started | org.apache.activemq.broker.TransportConnector | main
2017-06-27 07:32:19,879 | INFO  | Apache ActiveMQ 5.8.0 (broker-3, ID:ip-172-31-1-69-45145-1498548739706-0:1) started | org.apache.activemq.broker.BrokerService | main
2017-06-27 07:32:19,880 | INFO  | For help or more information please see: http://activemq.apache.org | org.apache.activemq.broker.BrokerService | main
2017-06-27 07:32:19,880 | WARN  | Store limit is 102400 mb, whilst the data directory: /home/ubuntu/apache-activemq-5.8.0/cluster/broker-3/data/kahadb only has 6426 mb of usable space | org.apache.activemq.broker.BrokerService | main
2017-06-27 07:32:19,880 | ERROR | Temporary Store limit is 51200 mb, whilst the temporary data directory: /home/ubuntu/apache-activemq-5.8.0/cluster/broker-3/data/broker-3/tmp_storage only has 6426 mb of usable space | org.apache.activemq.broker.BrokerService | main
2017-06-27 07:32:20,618 | INFO  | Web console type: embedded | org.apache.activemq.web.WebConsoleStarter | main
2017-06-27 07:32:20,842 | INFO  | ActiveMQ WebConsole initialized. | org.apache.activemq.web.WebConsoleStarter | main
2017-06-27 07:32:20,938 | INFO  | Initializing Spring FrameworkServlet 'dispatcher' | /admin | main
2017-06-27 07:32:21,471 | INFO  | jolokia-agent: No access restrictor found at classpath:/jolokia-access.xml, access to all MBeans is allowed | /api | main
2017-06-27 07:41:56,405 | INFO  | Apache ActiveMQ 5.8.0 (broker-3, ID:ip-172-31-1-69-45145-1498548739706-0:1) is shutting down | org.apache.activemq.broker.BrokerService | ActiveMQ ShutdownHook
2017-06-27 07:41:56,481 | INFO  | Connector openwire Stopped | org.apache.activemq.broker.TransportConnector | ActiveMQ ShutdownHook
2017-06-27 07:41:58,481 | INFO  | Connector amqp Stopped | org.apache.activemq.broker.TransportConnector | ActiveMQ ShutdownHook
2017-06-27 07:41:58,484 | INFO  | PListStore:[/home/ubuntu/apache-activemq-5.8.0/cluster/broker-3/data/broker-3/tmp_storage] stopped | org.apache.activemq.store.kahadb.plist.PListStoreImpl | ActiveMQ ShutdownHook
2017-06-27 07:41:58,484 | INFO  | Stopping async queue tasks | org.apache.activemq.store.kahadb.KahaDBStore | ActiveMQ ShutdownHook
2017-06-27 07:41:58,485 | INFO  | Stopping async topic tasks | org.apache.activemq.store.kahadb.KahaDBStore | ActiveMQ ShutdownHook
2017-06-27 07:41:58,489 | INFO  | Stopped KahaDB | org.apache.activemq.store.kahadb.KahaDBStore | ActiveMQ ShutdownHook
2017-06-27 07:41:58,598 | INFO  | Apache ActiveMQ 5.8.0 (broker-3, ID:ip-172-31-1-69-45145-1498548739706-0:1) uptime 9 minutes | org.apache.activemq.broker.BrokerService | ActiveMQ ShutdownHook
2017-06-27 07:41:58,598 | INFO  | Apache ActiveMQ 5.8.0 (broker-3, ID:ip-172-31-1-69-45145-1498548739706-0:1) is shutdown | org.apache.activemq.broker.BrokerService | ActiveMQ ShutdownHook
2017-06-27 07:41:58,598 | INFO  | Closing org.apache.activemq.xbean.XBeanBrokerFactory$1@5e3a8624: startup date [Tue Jun 27 07:32:17 UTC 2017]; root of context hierarchy | org.apache.activemq.xbean.XBeanBrokerFactory$1 | ActiveMQ ShutdownHook
2017-06-27 07:41:58,618 | INFO  | Destroying Spring FrameworkServlet 'dispatcher' | /admin | ActiveMQ ShutdownHook
2017-06-27 07:42:32,302 | INFO  | Refreshing org.apache.activemq.xbean.XBeanBrokerFactory$1@5e3a8624: startup date [Tue Jun 27 07:42:32 UTC 2017]; root of context hierarchy | org.apache.activemq.xbean.XBeanBrokerFactory$1 | main
2017-06-27 07:42:33,704 | INFO  | PListStore:[/home/ubuntu/apache-activemq-5.8.0/cluster/broker-3/data/broker-3/tmp_storage] started | org.apache.activemq.store.kahadb.plist.PListStoreImpl | main
2017-06-27 07:42:33,741 | INFO  | Using Persistence Adapter: KahaDBPersistenceAdapter[/home/ubuntu/apache-activemq-5.8.0/cluster/broker-3/data/kahadb] | org.apache.activemq.broker.BrokerService | main
2017-06-27 07:42:34,589 | INFO  | KahaDB is version 4 | org.apache.activemq.store.kahadb.MessageDatabase | main
2017-06-27 07:42:34,608 | INFO  | Recovering from the journal ... | org.apache.activemq.store.kahadb.MessageDatabase | main
2017-06-27 07:42:34,609 | INFO  | Recovery replayed 1 operations from the journal in 0.011 seconds. | org.apache.activemq.store.kahadb.MessageDatabase | main
2017-06-27 07:42:34,767 | INFO  | Apache ActiveMQ 5.8.0 (broker-3, ID:ip-172-31-1-69-37961-1498549354630-0:1) is starting | org.apache.activemq.broker.BrokerService | main
2017-06-27 07:42:34,798 | INFO  | Listening for connections at: tcp://ip-172-31-1-69:61636?maximumConnections=1000&wireformat.maxFrameSize=104857600 | org.apache.activemq.transport.TransportServerThreadSupport | main
2017-06-27 07:42:34,806 | INFO  | Connector openwire Started | org.apache.activemq.broker.TransportConnector | main
2017-06-27 07:42:34,809 | INFO  | Listening for connections at: amqp://ip-172-31-1-69:5692?maximumConnections=1000&wireformat.maxFrameSize=104857600 | org.apache.activemq.transport.TransportServerThreadSupport | main
2017-06-27 07:42:34,810 | INFO  | Connector amqp Started | org.apache.activemq.broker.TransportConnector | main
2017-06-27 07:42:34,811 | INFO  | Apache ActiveMQ 5.8.0 (broker-3, ID:ip-172-31-1-69-37961-1498549354630-0:1) started | org.apache.activemq.broker.BrokerService | main
2017-06-27 07:42:34,811 | INFO  | For help or more information please see: http://activemq.apache.org | org.apache.activemq.broker.BrokerService | main
2017-06-27 07:42:34,811 | WARN  | Store limit is 102400 mb, whilst the data directory: /home/ubuntu/apache-activemq-5.8.0/cluster/broker-3/data/kahadb only has 6426 mb of usable space | org.apache.activemq.broker.BrokerService | main
2017-06-27 07:42:34,811 | ERROR | Temporary Store limit is 51200 mb, whilst the temporary data directory: /home/ubuntu/apache-activemq-5.8.0/cluster/broker-3/data/broker-3/tmp_storage only has 6426 mb of usable space | org.apache.activemq.broker.BrokerService | main
2017-06-27 07:42:35,578 | INFO  | Web console type: embedded | org.apache.activemq.web.WebConsoleStarter | main
2017-06-27 07:42:35,826 | INFO  | ActiveMQ WebConsole initialized. | org.apache.activemq.web.WebConsoleStarter | main
2017-06-27 07:42:35,922 | INFO  | Initializing Spring FrameworkServlet 'dispatcher' | /admin | main
2017-06-27 07:42:36,453 | INFO  | jolokia-agent: No access restrictor found at classpath:/jolokia-access.xml, access to all MBeans is allowed | /api | main
2017-06-27 07:43:44,160 | INFO  | Apache ActiveMQ 5.8.0 (broker-3, ID:ip-172-31-1-69-37961-1498549354630-0:1) is shutting down | org.apache.activemq.broker.BrokerService | ActiveMQ ShutdownHook
2017-06-27 07:43:44,855 | INFO  | Connector openwire Stopped | org.apache.activemq.broker.TransportConnector | ActiveMQ ShutdownHook
2017-06-27 07:43:44,891 | INFO  | Connector amqp Stopped | org.apache.activemq.broker.TransportConnector | ActiveMQ ShutdownHook
2017-06-27 07:43:44,894 | INFO  | PListStore:[/home/ubuntu/apache-activemq-5.8.0/cluster/broker-3/data/broker-3/tmp_storage] stopped | org.apache.activemq.store.kahadb.plist.PListStoreImpl | ActiveMQ ShutdownHook
2017-06-27 07:43:44,894 | INFO  | Stopping async queue tasks | org.apache.activemq.store.kahadb.KahaDBStore | ActiveMQ ShutdownHook
2017-06-27 07:43:44,895 | INFO  | Stopping async topic tasks | org.apache.activemq.store.kahadb.KahaDBStore | ActiveMQ ShutdownHook
2017-06-27 07:43:44,896 | INFO  | Stopped KahaDB | org.apache.activemq.store.kahadb.KahaDBStore | ActiveMQ ShutdownHook
2017-06-27 07:43:45,329 | INFO  | Apache ActiveMQ 5.8.0 (broker-3, ID:ip-172-31-1-69-37961-1498549354630-0:1) uptime 1 minute | org.apache.activemq.broker.BrokerService | ActiveMQ ShutdownHook
2017-06-27 07:43:45,329 | INFO  | Apache ActiveMQ 5.8.0 (broker-3, ID:ip-172-31-1-69-37961-1498549354630-0:1) is shutdown | org.apache.activemq.broker.BrokerService | ActiveMQ ShutdownHook
2017-06-27 07:43:45,329 | INFO  | Closing org.apache.activemq.xbean.XBeanBrokerFactory$1@5e3a8624: startup date [Tue Jun 27 07:42:32 UTC 2017]; root of context hierarchy | org.apache.activemq.xbean.XBeanBrokerFactory$1 | ActiveMQ ShutdownHook
2017-06-27 07:43:45,354 | INFO  | Destroying Spring FrameworkServlet 'dispatcher' | /admin | ActiveMQ ShutdownHook
2017-06-27 07:47:02,291 | INFO  | Refreshing org.apache.activemq.xbean.XBeanBrokerFactory$1@5e3a8624: startup date [Tue Jun 27 07:47:02 UTC 2017]; root of context hierarchy | org.apache.activemq.xbean.XBeanBrokerFactory$1 | main
2017-06-27 07:47:03,638 | INFO  | PListStore:[/home/ubuntu/apache-activemq-5.8.0/cluster/broker-3/data/broker-3/tmp_storage] started | org.apache.activemq.store.kahadb.plist.PListStoreImpl | main
2017-06-27 07:47:03,678 | INFO  | Using Persistence Adapter: KahaDBPersistenceAdapter[/home/ubuntu/apache-activemq-5.8.0/cluster/broker-3/data/kahadb] | org.apache.activemq.broker.BrokerService | main
2017-06-27 07:47:04,472 | INFO  | KahaDB is version 4 | org.apache.activemq.store.kahadb.MessageDatabase | main
2017-06-27 07:47:04,504 | INFO  | Recovering from the journal ... | org.apache.activemq.store.kahadb.MessageDatabase | main
2017-06-27 07:47:04,506 | INFO  | Recovery replayed 2 operations from the journal in 0.019 seconds. | org.apache.activemq.store.kahadb.MessageDatabase | main
2017-06-27 07:47:04,665 | INFO  | Apache ActiveMQ 5.8.0 (broker-3, ID:ip-172-31-1-69-41174-1498549624540-0:1) is starting | org.apache.activemq.broker.BrokerService | main
2017-06-27 07:47:04,698 | INFO  | Listening for connections at: tcp://ip-172-31-1-69:61636?maximumConnections=1000&wireformat.maxFrameSize=104857600 | org.apache.activemq.transport.TransportServerThreadSupport | main
2017-06-27 07:47:04,699 | INFO  | Connector openwire Started | org.apache.activemq.broker.TransportConnector | main
2017-06-27 07:47:04,702 | INFO  | Listening for connections at: amqp://ip-172-31-1-69:5692?maximumConnections=1000&wireformat.maxFrameSize=104857600 | org.apache.activemq.transport.TransportServerThreadSupport | main
2017-06-27 07:47:04,706 | INFO  | Connector amqp Started | org.apache.activemq.broker.TransportConnector | main
2017-06-27 07:47:04,707 | INFO  | Apache ActiveMQ 5.8.0 (broker-3, ID:ip-172-31-1-69-41174-1498549624540-0:1) started | org.apache.activemq.broker.BrokerService | main
2017-06-27 07:47:04,708 | INFO  | For help or more information please see: http://activemq.apache.org | org.apache.activemq.broker.BrokerService | main
2017-06-27 07:47:04,708 | WARN  | Store limit is 102400 mb, whilst the data directory: /home/ubuntu/apache-activemq-5.8.0/cluster/broker-3/data/kahadb only has 6426 mb of usable space | org.apache.activemq.broker.BrokerService | main
2017-06-27 07:47:04,708 | ERROR | Temporary Store limit is 51200 mb, whilst the temporary data directory: /home/ubuntu/apache-activemq-5.8.0/cluster/broker-3/data/broker-3/tmp_storage only has 6426 mb of usable space | org.apache.activemq.broker.BrokerService | main
2017-06-27 07:47:05,462 | INFO  | Web console type: embedded | org.apache.activemq.web.WebConsoleStarter | main
2017-06-27 07:47:05,698 | INFO  | ActiveMQ WebConsole initialized. | org.apache.activemq.web.WebConsoleStarter | main
2017-06-27 07:47:05,792 | INFO  | Initializing Spring FrameworkServlet 'dispatcher' | /admin | main
2017-06-27 07:47:06,255 | INFO  | jolokia-agent: No access restrictor found at classpath:/jolokia-access.xml, access to all MBeans is allowed | /api | main
2017-06-27 07:50:47,807 | WARN  | Transport Connection to: tcp://127.0.0.1:42600 failed: java.io.EOFException | org.apache.activemq.broker.TransportConnection.Transport | ActiveMQ Transport: tcp:///127.0.0.1:42600@61636
2017-06-27 07:50:47,817 | WARN  | Transport Connection to: tcp://127.0.0.1:42598 failed: java.io.EOFException | org.apache.activemq.broker.TransportConnection.Transport | ActiveMQ Transport: tcp:///127.0.0.1:42598@61636
2017-06-27 07:51:10,788 | INFO  | Apache ActiveMQ 5.8.0 (broker-3, ID:ip-172-31-1-69-41174-1498549624540-0:1) is shutting down | org.apache.activemq.broker.BrokerService | ActiveMQ ShutdownHook
2017-06-27 07:51:12,196 | INFO  | Connector openwire Stopped | org.apache.activemq.broker.TransportConnector | ActiveMQ ShutdownHook
2017-06-27 07:51:12,983 | INFO  | Connector amqp Stopped | org.apache.activemq.broker.TransportConnector | ActiveMQ ShutdownHook
2017-06-27 07:51:12,989 | INFO  | PListStore:[/home/ubuntu/apache-activemq-5.8.0/cluster/broker-3/data/broker-3/tmp_storage] stopped | org.apache.activemq.store.kahadb.plist.PListStoreImpl | ActiveMQ ShutdownHook
2017-06-27 07:51:12,989 | INFO  | Stopping async queue tasks | org.apache.activemq.store.kahadb.KahaDBStore | ActiveMQ ShutdownHook
2017-06-27 07:51:12,989 | INFO  | Stopping async topic tasks | org.apache.activemq.store.kahadb.KahaDBStore | ActiveMQ ShutdownHook
2017-06-27 07:51:12,989 | INFO  | Stopped KahaDB | org.apache.activemq.store.kahadb.KahaDBStore | ActiveMQ ShutdownHook
2017-06-27 07:51:13,023 | INFO  | Apache ActiveMQ 5.8.0 (broker-3, ID:ip-172-31-1-69-41174-1498549624540-0:1) uptime 4 minutes | org.apache.activemq.broker.BrokerService | ActiveMQ ShutdownHook
2017-06-27 07:51:13,024 | INFO  | Apache ActiveMQ 5.8.0 (broker-3, ID:ip-172-31-1-69-41174-1498549624540-0:1) is shutdown | org.apache.activemq.broker.BrokerService | ActiveMQ ShutdownHook
2017-06-27 07:51:13,024 | INFO  | Closing org.apache.activemq.xbean.XBeanBrokerFactory$1@5e3a8624: startup date [Tue Jun 27 07:47:02 UTC 2017]; root of context hierarchy | org.apache.activemq.xbean.XBeanBrokerFactory$1 | ActiveMQ ShutdownHook
2017-06-27 07:51:13,039 | INFO  | Destroying Spring FrameworkServlet 'dispatcher' | /admin | ActiveMQ ShutdownHook
2017-06-27 07:53:50,685 | INFO  | Refreshing org.apache.activemq.xbean.XBeanBrokerFactory$1@5e3a8624: startup date [Tue Jun 27 07:53:50 UTC 2017]; root of context hierarchy | org.apache.activemq.xbean.XBeanBrokerFactory$1 | main
2017-06-27 07:53:52,054 | INFO  | PListStore:[/home/ubuntu/apache-activemq-5.8.0/cluster/broker-3/data/broker-3/tmp_storage] started | org.apache.activemq.store.kahadb.plist.PListStoreImpl | main
2017-06-27 07:53:52,090 | INFO  | Using Persistence Adapter: KahaDBPersistenceAdapter[/home/ubuntu/apache-activemq-5.8.0/cluster/broker-3/data/kahadb] | org.apache.activemq.broker.BrokerService | main
2017-06-27 07:53:53,000 | INFO  | KahaDB is version 4 | org.apache.activemq.store.kahadb.MessageDatabase | main
2017-06-27 07:53:53,020 | INFO  | Recovering from the journal ... | org.apache.activemq.store.kahadb.MessageDatabase | main
2017-06-27 07:53:53,021 | INFO  | Recovery replayed 3 operations from the journal in 0.012 seconds. | org.apache.activemq.store.kahadb.MessageDatabase | main
2017-06-27 07:53:53,173 | INFO  | Apache ActiveMQ 5.8.0 (broker-3, ID:ip-172-31-1-69-46555-1498550033044-0:1) is starting | org.apache.activemq.broker.BrokerService | main
2017-06-27 07:53:53,278 | INFO  | Listening for connections at: tcp://ip-172-31-1-69:61636?maximumConnections=1000&wireformat.maxFrameSize=104857600 | org.apache.activemq.transport.TransportServerThreadSupport | main
2017-06-27 07:53:53,279 | INFO  | Connector openwire Started | org.apache.activemq.broker.TransportConnector | main
2017-06-27 07:53:53,282 | INFO  | Listening for connections at: amqp://ip-172-31-1-69:5692?maximumConnections=1000&wireformat.maxFrameSize=104857600 | org.apache.activemq.transport.TransportServerThreadSupport | main
2017-06-27 07:53:53,286 | INFO  | Connector amqp Started | org.apache.activemq.broker.TransportConnector | main
2017-06-27 07:53:53,287 | INFO  | Apache ActiveMQ 5.8.0 (broker-3, ID:ip-172-31-1-69-46555-1498550033044-0:1) started | org.apache.activemq.broker.BrokerService | main
2017-06-27 07:53:53,287 | INFO  | For help or more information please see: http://activemq.apache.org | org.apache.activemq.broker.BrokerService | main
2017-06-27 07:53:53,288 | WARN  | Store limit is 102400 mb, whilst the data directory: /home/ubuntu/apache-activemq-5.8.0/cluster/broker-3/data/kahadb only has 6422 mb of usable space | org.apache.activemq.broker.BrokerService | main
2017-06-27 07:53:53,288 | ERROR | Temporary Store limit is 51200 mb, whilst the temporary data directory: /home/ubuntu/apache-activemq-5.8.0/cluster/broker-3/data/broker-3/tmp_storage only has 6422 mb of usable space | org.apache.activemq.broker.BrokerService | main
2017-06-27 07:53:53,994 | INFO  | Web console type: embedded | org.apache.activemq.web.WebConsoleStarter | main
2017-06-27 07:53:54,235 | INFO  | ActiveMQ WebConsole initialized. | org.apache.activemq.web.WebConsoleStarter | main
2017-06-27 07:53:54,340 | INFO  | Initializing Spring FrameworkServlet 'dispatcher' | /admin | main
2017-06-27 07:53:54,788 | INFO  | jolokia-agent: No access restrictor found at classpath:/jolokia-access.xml, access to all MBeans is allowed | /api | main
2017-06-27 08:02:41,920 | INFO  | Apache ActiveMQ 5.8.0 (broker-3, ID:ip-172-31-1-69-46555-1498550033044-0:1) is shutting down | org.apache.activemq.broker.BrokerService | ActiveMQ ShutdownHook
2017-06-27 08:02:43,693 | INFO  | Connector openwire Stopped | org.apache.activemq.broker.TransportConnector | ActiveMQ ShutdownHook
2017-06-27 08:02:43,819 | INFO  | Connector amqp Stopped | org.apache.activemq.broker.TransportConnector | ActiveMQ ShutdownHook
2017-06-27 08:02:43,824 | INFO  | PListStore:[/home/ubuntu/apache-activemq-5.8.0/cluster/broker-3/data/broker-3/tmp_storage] stopped | org.apache.activemq.store.kahadb.plist.PListStoreImpl | ActiveMQ ShutdownHook
2017-06-27 08:02:43,825 | INFO  | Stopping async queue tasks | org.apache.activemq.store.kahadb.KahaDBStore | ActiveMQ ShutdownHook
2017-06-27 08:02:43,825 | INFO  | Stopping async topic tasks | org.apache.activemq.store.kahadb.KahaDBStore | ActiveMQ ShutdownHook
2017-06-27 08:02:43,825 | INFO  | Stopped KahaDB | org.apache.activemq.store.kahadb.KahaDBStore | ActiveMQ ShutdownHook
2017-06-27 08:02:43,911 | INFO  | Apache ActiveMQ 5.8.0 (broker-3, ID:ip-172-31-1-69-46555-1498550033044-0:1) uptime 8 minutes | org.apache.activemq.broker.BrokerService | ActiveMQ ShutdownHook
2017-06-27 08:02:43,912 | INFO  | Apache ActiveMQ 5.8.0 (broker-3, ID:ip-172-31-1-69-46555-1498550033044-0:1) is shutdown | org.apache.activemq.broker.BrokerService | ActiveMQ ShutdownHook
2017-06-27 08:02:43,913 | INFO  | Closing org.apache.activemq.xbean.XBeanBrokerFactory$1@5e3a8624: startup date [Tue Jun 27 07:53:50 UTC 2017]; root of context hierarchy | org.apache.activemq.xbean.XBeanBrokerFactory$1 | ActiveMQ ShutdownHook
2017-06-27 08:02:43,933 | INFO  | Destroying Spring FrameworkServlet 'dispatcher' | /admin | ActiveMQ ShutdownHook
2017-06-27 08:11:56,153 | INFO  | Refreshing org.apache.activemq.xbean.XBeanBrokerFactory$1@5e3a8624: startup date [Tue Jun 27 08:11:56 UTC 2017]; root of context hierarchy | org.apache.activemq.xbean.XBeanBrokerFactory$1 | main
2017-06-27 08:11:57,614 | INFO  | PListStore:[/home/ubuntu/apache-activemq-5.8.0/cluster/broker-3/data/broker-3/tmp_storage] started | org.apache.activemq.store.kahadb.plist.PListStoreImpl | main
2017-06-27 08:11:57,651 | INFO  | Using Persistence Adapter: KahaDBPersistenceAdapter[/home/ubuntu/apache-activemq-5.8.0/cluster/broker-3/data/kahadb] | org.apache.activemq.broker.BrokerService | main
2017-06-27 08:11:58,335 | INFO  | KahaDB is version 4 | org.apache.activemq.store.kahadb.MessageDatabase | main
2017-06-27 08:11:58,363 | INFO  | Recovering from the journal ... | org.apache.activemq.store.kahadb.MessageDatabase | main
2017-06-27 08:11:58,364 | INFO  | Recovery replayed 4 operations from the journal in 0.018 seconds. | org.apache.activemq.store.kahadb.MessageDatabase | main
2017-06-27 08:11:58,520 | INFO  | Apache ActiveMQ 5.8.0 (broker-3, ID:ip-172-31-1-69-40474-1498551118400-0:1) is starting | org.apache.activemq.broker.BrokerService | main
2017-06-27 08:11:58,634 | INFO  | Listening for connections at: tcp://ip-172-31-1-69:61636?maximumConnections=1000&wireformat.maxFrameSize=104857600 | org.apache.activemq.transport.TransportServerThreadSupport | main
2017-06-27 08:11:58,635 | INFO  | Connector openwire Started | org.apache.activemq.broker.TransportConnector | main
2017-06-27 08:11:58,642 | INFO  | Listening for connections at: amqp://ip-172-31-1-69:5692?maximumConnections=1000&wireformat.maxFrameSize=104857600 | org.apache.activemq.transport.TransportServerThreadSupport | main
2017-06-27 08:11:58,643 | INFO  | Connector amqp Started | org.apache.activemq.broker.TransportConnector | main
2017-06-27 08:11:58,644 | INFO  | Apache ActiveMQ 5.8.0 (broker-3, ID:ip-172-31-1-69-40474-1498551118400-0:1) started | org.apache.activemq.broker.BrokerService | main
2017-06-27 08:11:58,644 | INFO  | For help or more information please see: http://activemq.apache.org | org.apache.activemq.broker.BrokerService | main
2017-06-27 08:11:58,645 | WARN  | Store limit is 102400 mb, whilst the data directory: /home/ubuntu/apache-activemq-5.8.0/cluster/broker-3/data/kahadb only has 6422 mb of usable space | org.apache.activemq.broker.BrokerService | main
2017-06-27 08:11:58,645 | ERROR | Temporary Store limit is 51200 mb, whilst the temporary data directory: /home/ubuntu/apache-activemq-5.8.0/cluster/broker-3/data/broker-3/tmp_storage only has 6422 mb of usable space | org.apache.activemq.broker.BrokerService | main
2017-06-27 08:11:59,376 | INFO  | Web console type: embedded | org.apache.activemq.web.WebConsoleStarter | main
2017-06-27 08:11:59,624 | INFO  | ActiveMQ WebConsole initialized. | org.apache.activemq.web.WebConsoleStarter | main
2017-06-27 08:11:59,729 | INFO  | Initializing Spring FrameworkServlet 'dispatcher' | /admin | main
2017-06-27 08:12:00,287 | INFO  | jolokia-agent: No access restrictor found at classpath:/jolokia-access.xml, access to all MBeans is allowed | /api | main
2017-06-27 08:14:09,133 | INFO  | Apache ActiveMQ 5.8.0 (broker-3, ID:ip-172-31-1-69-40474-1498551118400-0:1) is shutting down | org.apache.activemq.broker.BrokerService | ActiveMQ ShutdownHook
2017-06-27 08:14:09,985 | INFO  | Connector openwire Stopped | org.apache.activemq.broker.TransportConnector | ActiveMQ ShutdownHook
2017-06-27 08:14:10,777 | INFO  | Connector amqp Stopped | org.apache.activemq.broker.TransportConnector | ActiveMQ ShutdownHook
2017-06-27 08:14:10,781 | INFO  | PListStore:[/home/ubuntu/apache-activemq-5.8.0/cluster/broker-3/data/broker-3/tmp_storage] stopped | org.apache.activemq.store.kahadb.plist.PListStoreImpl | ActiveMQ ShutdownHook
2017-06-27 08:14:10,781 | INFO  | Stopping async queue tasks | org.apache.activemq.store.kahadb.KahaDBStore | ActiveMQ ShutdownHook
2017-06-27 08:14:10,782 | INFO  | Stopping async topic tasks | org.apache.activemq.store.kahadb.KahaDBStore | ActiveMQ ShutdownHook
2017-06-27 08:14:10,782 | INFO  | Stopped KahaDB | org.apache.activemq.store.kahadb.KahaDBStore | ActiveMQ ShutdownHook
2017-06-27 08:14:11,150 | INFO  | Apache ActiveMQ 5.8.0 (broker-3, ID:ip-172-31-1-69-40474-1498551118400-0:1) uptime 2 minutes | org.apache.activemq.broker.BrokerService | ActiveMQ ShutdownHook
2017-06-27 08:14:11,151 | INFO  | Apache ActiveMQ 5.8.0 (broker-3, ID:ip-172-31-1-69-40474-1498551118400-0:1) is shutdown | org.apache.activemq.broker.BrokerService | ActiveMQ ShutdownHook
2017-06-27 08:14:11,151 | INFO  | Closing org.apache.activemq.xbean.XBeanBrokerFactory$1@5e3a8624: startup date [Tue Jun 27 08:11:56 UTC 2017]; root of context hierarchy | org.apache.activemq.xbean.XBeanBrokerFactory$1 | ActiveMQ ShutdownHook
2017-06-27 08:14:11,167 | INFO  | Destroying Spring FrameworkServlet 'dispatcher' | /admin | ActiveMQ ShutdownHook
2017-06-27 08:21:53,737 | INFO  | Refreshing org.apache.activemq.xbean.XBeanBrokerFactory$1@5e3a8624: startup date [Tue Jun 27 08:21:53 UTC 2017]; root of context hierarchy | org.apache.activemq.xbean.XBeanBrokerFactory$1 | main
2017-06-27 08:21:55,182 | INFO  | PListStore:[/home/ubuntu/apache-activemq-5.8.0/cluster/broker-3/data/broker-3/tmp_storage] started | org.apache.activemq.store.kahadb.plist.PListStoreImpl | main
2017-06-27 08:21:55,218 | INFO  | Using Persistence Adapter: KahaDBPersistenceAdapter[/home/ubuntu/apache-activemq-5.8.0/cluster/broker-3/data/kahadb] | org.apache.activemq.broker.BrokerService | main
2017-06-27 08:21:55,985 | INFO  | KahaDB is version 4 | org.apache.activemq.store.kahadb.MessageDatabase | main
2017-06-27 08:21:56,007 | INFO  | Recovering from the journal ... | org.apache.activemq.store.kahadb.MessageDatabase | main
2017-06-27 08:21:56,008 | INFO  | Recovery replayed 5 operations from the journal in 0.012 seconds. | org.apache.activemq.store.kahadb.MessageDatabase | main
2017-06-27 08:21:56,161 | INFO  | Apache ActiveMQ 5.8.0 (broker-3, ID:ip-172-31-1-69-39441-1498551716030-0:1) is starting | org.apache.activemq.broker.BrokerService | main
2017-06-27 08:21:56,266 | INFO  | Listening for connections at: tcp://ip-172-31-1-69:61636?maximumConnections=1000&wireformat.maxFrameSize=104857600 | org.apache.activemq.transport.TransportServerThreadSupport | main
2017-06-27 08:21:56,267 | INFO  | Connector openwire Started | org.apache.activemq.broker.TransportConnector | main
2017-06-27 08:21:56,271 | INFO  | Listening for connections at: amqp://ip-172-31-1-69:5692?maximumConnections=1000&wireformat.maxFrameSize=104857600 | org.apache.activemq.transport.TransportServerThreadSupport | main
2017-06-27 08:21:56,273 | INFO  | Connector amqp Started | org.apache.activemq.broker.TransportConnector | main
2017-06-27 08:21:56,274 | INFO  | Apache ActiveMQ 5.8.0 (broker-3, ID:ip-172-31-1-69-39441-1498551716030-0:1) started | org.apache.activemq.broker.BrokerService | main
2017-06-27 08:21:56,274 | INFO  | For help or more information please see: http://activemq.apache.org | org.apache.activemq.broker.BrokerService | main
2017-06-27 08:21:56,275 | WARN  | Store limit is 102400 mb, whilst the data directory: /home/ubuntu/apache-activemq-5.8.0/cluster/broker-3/data/kahadb only has 6422 mb of usable space | org.apache.activemq.broker.BrokerService | main
2017-06-27 08:21:56,275 | ERROR | Temporary Store limit is 51200 mb, whilst the temporary data directory: /home/ubuntu/apache-activemq-5.8.0/cluster/broker-3/data/broker-3/tmp_storage only has 6422 mb of usable space | org.apache.activemq.broker.BrokerService | main
2017-06-27 08:21:56,980 | INFO  | Web console type: embedded | org.apache.activemq.web.WebConsoleStarter | main
2017-06-27 08:21:57,210 | INFO  | ActiveMQ WebConsole initialized. | org.apache.activemq.web.WebConsoleStarter | main
2017-06-27 08:21:57,305 | INFO  | Initializing Spring FrameworkServlet 'dispatcher' | /admin | main
2017-06-27 08:21:57,760 | INFO  | jolokia-agent: No access restrictor found at classpath:/jolokia-access.xml, access to all MBeans is allowed | /api | main
2017-06-27 08:23:44,684 | INFO  | Apache ActiveMQ 5.8.0 (broker-3, ID:ip-172-31-1-69-39441-1498551716030-0:1) is shutting down | org.apache.activemq.broker.BrokerService | ActiveMQ ShutdownHook
2017-06-27 08:23:46,373 | INFO  | Connector openwire Stopped | org.apache.activemq.broker.TransportConnector | ActiveMQ ShutdownHook
2017-06-27 08:23:46,390 | INFO  | Connector amqp Stopped | org.apache.activemq.broker.TransportConnector | ActiveMQ ShutdownHook
2017-06-27 08:23:46,393 | INFO  | PListStore:[/home/ubuntu/apache-activemq-5.8.0/cluster/broker-3/data/broker-3/tmp_storage] stopped | org.apache.activemq.store.kahadb.plist.PListStoreImpl | ActiveMQ ShutdownHook
2017-06-27 08:23:46,394 | INFO  | Stopping async queue tasks | org.apache.activemq.store.kahadb.KahaDBStore | ActiveMQ ShutdownHook
2017-06-27 08:23:46,394 | INFO  | Stopping async topic tasks | org.apache.activemq.store.kahadb.KahaDBStore | ActiveMQ ShutdownHook
2017-06-27 08:23:46,395 | INFO  | Stopped KahaDB | org.apache.activemq.store.kahadb.KahaDBStore | ActiveMQ ShutdownHook
2017-06-27 08:23:46,647 | INFO  | Apache ActiveMQ 5.8.0 (broker-3, ID:ip-172-31-1-69-39441-1498551716030-0:1) uptime 1 minute | org.apache.activemq.broker.BrokerService | ActiveMQ ShutdownHook
2017-06-27 08:23:46,648 | INFO  | Apache ActiveMQ 5.8.0 (broker-3, ID:ip-172-31-1-69-39441-1498551716030-0:1) is shutdown | org.apache.activemq.broker.BrokerService | ActiveMQ ShutdownHook
2017-06-27 08:23:46,648 | INFO  | Closing org.apache.activemq.xbean.XBeanBrokerFactory$1@5e3a8624: startup date [Tue Jun 27 08:21:53 UTC 2017]; root of context hierarchy | org.apache.activemq.xbean.XBeanBrokerFactory$1 | ActiveMQ ShutdownHook
2017-06-27 08:23:46,671 | INFO  | Destroying Spring FrameworkServlet 'dispatcher' | /admin | ActiveMQ ShutdownHook
2017-06-27 08:26:19,304 | INFO  | Refreshing org.apache.activemq.xbean.XBeanBrokerFactory$1@5e3a8624: startup date [Tue Jun 27 08:26:19 UTC 2017]; root of context hierarchy | org.apache.activemq.xbean.XBeanBrokerFactory$1 | main
2017-06-27 08:26:20,650 | INFO  | PListStore:[/home/ubuntu/apache-activemq-5.8.0/cluster/broker-3/data/broker-3/tmp_storage] started | org.apache.activemq.store.kahadb.plist.PListStoreImpl | main
2017-06-27 08:26:20,686 | INFO  | Using Persistence Adapter: KahaDBPersistenceAdapter[/home/ubuntu/apache-activemq-5.8.0/cluster/broker-3/data/kahadb] | org.apache.activemq.broker.BrokerService | main
2017-06-27 08:26:21,134 | INFO  | KahaDB is version 4 | org.apache.activemq.store.kahadb.MessageDatabase | main
2017-06-27 08:26:21,172 | INFO  | Recovering from the journal ... | org.apache.activemq.store.kahadb.MessageDatabase | main
2017-06-27 08:26:21,173 | INFO  | Recovery replayed 6 operations from the journal in 0.019 seconds. | org.apache.activemq.store.kahadb.MessageDatabase | main
2017-06-27 08:26:21,323 | INFO  | Apache ActiveMQ 5.8.0 (broker-3, ID:ip-172-31-1-69-34469-1498551981203-0:1) is starting | org.apache.activemq.broker.BrokerService | main
2017-06-27 08:26:21,429 | INFO  | Listening for connections at: tcp://ip-172-31-1-69:61636?maximumConnections=1000&wireformat.maxFrameSize=104857600 | org.apache.activemq.transport.TransportServerThreadSupport | main
2017-06-27 08:26:21,430 | INFO  | Connector openwire Started | org.apache.activemq.broker.TransportConnector | main
2017-06-27 08:26:21,438 | INFO  | Listening for connections at: amqp://ip-172-31-1-69:5692?maximumConnections=1000&wireformat.maxFrameSize=104857600 | org.apache.activemq.transport.TransportServerThreadSupport | main
2017-06-27 08:26:21,439 | INFO  | Connector amqp Started | org.apache.activemq.broker.TransportConnector | main
2017-06-27 08:26:21,440 | INFO  | Apache ActiveMQ 5.8.0 (broker-3, ID:ip-172-31-1-69-34469-1498551981203-0:1) started | org.apache.activemq.broker.BrokerService | main
2017-06-27 08:26:21,440 | INFO  | For help or more information please see: http://activemq.apache.org | org.apache.activemq.broker.BrokerService | main
2017-06-27 08:26:21,440 | WARN  | Store limit is 102400 mb, whilst the data directory: /home/ubuntu/apache-activemq-5.8.0/cluster/broker-3/data/kahadb only has 6422 mb of usable space | org.apache.activemq.broker.BrokerService | main
2017-06-27 08:26:21,441 | ERROR | Temporary Store limit is 51200 mb, whilst the temporary data directory: /home/ubuntu/apache-activemq-5.8.0/cluster/broker-3/data/broker-3/tmp_storage only has 6422 mb of usable space | org.apache.activemq.broker.BrokerService | main
2017-06-27 08:26:22,166 | INFO  | Web console type: embedded | org.apache.activemq.web.WebConsoleStarter | main
2017-06-27 08:26:22,398 | INFO  | ActiveMQ WebConsole initialized. | org.apache.activemq.web.WebConsoleStarter | main
2017-06-27 08:26:22,503 | INFO  | Initializing Spring FrameworkServlet 'dispatcher' | /admin | main
2017-06-27 08:26:22,987 | INFO  | jolokia-agent: No access restrictor found at classpath:/jolokia-access.xml, access to all MBeans is allowed | /api | main
2017-06-27 08:29:41,960 | INFO  | Apache ActiveMQ 5.8.0 (broker-3, ID:ip-172-31-1-69-34469-1498551981203-0:1) is shutting down | org.apache.activemq.broker.BrokerService | ActiveMQ ShutdownHook
2017-06-27 08:29:43,568 | INFO  | Connector openwire Stopped | org.apache.activemq.broker.TransportConnector | ActiveMQ ShutdownHook
2017-06-27 08:29:45,570 | INFO  | Connector amqp Stopped | org.apache.activemq.broker.TransportConnector | ActiveMQ ShutdownHook
2017-06-27 08:29:45,574 | INFO  | PListStore:[/home/ubuntu/apache-activemq-5.8.0/cluster/broker-3/data/broker-3/tmp_storage] stopped | org.apache.activemq.store.kahadb.plist.PListStoreImpl | ActiveMQ ShutdownHook
2017-06-27 08:29:45,574 | INFO  | Stopping async queue tasks | org.apache.activemq.store.kahadb.KahaDBStore | ActiveMQ ShutdownHook
2017-06-27 08:29:45,574 | INFO  | Stopping async topic tasks | org.apache.activemq.store.kahadb.KahaDBStore | ActiveMQ ShutdownHook
2017-06-27 08:29:45,577 | INFO  | Stopped KahaDB | org.apache.activemq.store.kahadb.KahaDBStore | ActiveMQ ShutdownHook
2017-06-27 08:29:45,944 | INFO  | Apache ActiveMQ 5.8.0 (broker-3, ID:ip-172-31-1-69-34469-1498551981203-0:1) uptime 3 minutes | org.apache.activemq.broker.BrokerService | ActiveMQ ShutdownHook
2017-06-27 08:29:45,944 | INFO  | Apache ActiveMQ 5.8.0 (broker-3, ID:ip-172-31-1-69-34469-1498551981203-0:1) is shutdown | org.apache.activemq.broker.BrokerService | ActiveMQ ShutdownHook
2017-06-27 08:29:45,944 | INFO  | Closing org.apache.activemq.xbean.XBeanBrokerFactory$1@5e3a8624: startup date [Tue Jun 27 08:26:19 UTC 2017]; root of context hierarchy | org.apache.activemq.xbean.XBeanBrokerFactory$1 | ActiveMQ ShutdownHook
2017-06-27 08:29:45,966 | INFO  | Destroying Spring FrameworkServlet 'dispatcher' | /admin | ActiveMQ ShutdownHook
2017-06-27 08:35:34,701 | INFO  | Refreshing org.apache.activemq.xbean.XBeanBrokerFactory$1@5e3a8624: startup date [Tue Jun 27 08:35:34 UTC 2017]; root of context hierarchy | org.apache.activemq.xbean.XBeanBrokerFactory$1 | main
2017-06-27 08:35:36,090 | INFO  | PListStore:[/home/ubuntu/apache-activemq-5.8.0/cluster/broker-3/data/broker-3/tmp_storage] started | org.apache.activemq.store.kahadb.plist.PListStoreImpl | main
2017-06-27 08:35:36,129 | INFO  | Using Persistence Adapter: KahaDBPersistenceAdapter[/home/ubuntu/apache-activemq-5.8.0/cluster/broker-3/data/kahadb] | org.apache.activemq.broker.BrokerService | main
2017-06-27 08:35:36,938 | INFO  | KahaDB is version 4 | org.apache.activemq.store.kahadb.MessageDatabase | main
2017-06-27 08:35:36,965 | INFO  | Recovering from the journal ... | org.apache.activemq.store.kahadb.MessageDatabase | main
2017-06-27 08:35:36,967 | INFO  | Recovery replayed 7 operations from the journal in 0.013 seconds. | org.apache.activemq.store.kahadb.MessageDatabase | main
2017-06-27 08:35:37,120 | INFO  | Apache ActiveMQ 5.8.0 (broker-3, ID:ip-172-31-1-69-35883-1498552536987-0:1) is starting | org.apache.activemq.broker.BrokerService | main
2017-06-27 08:35:37,230 | INFO  | Listening for connections at: tcp://ip-172-31-1-69:61636?maximumConnections=1000&wireformat.maxFrameSize=104857600 | org.apache.activemq.transport.TransportServerThreadSupport | main
2017-06-27 08:35:37,231 | INFO  | Connector openwire Started | org.apache.activemq.broker.TransportConnector | main
2017-06-27 08:35:37,234 | INFO  | Listening for connections at: amqp://ip-172-31-1-69:5692?maximumConnections=1000&wireformat.maxFrameSize=104857600 | org.apache.activemq.transport.TransportServerThreadSupport | main
2017-06-27 08:35:37,235 | INFO  | Connector amqp Started | org.apache.activemq.broker.TransportConnector | main
2017-06-27 08:35:37,236 | INFO  | Apache ActiveMQ 5.8.0 (broker-3, ID:ip-172-31-1-69-35883-1498552536987-0:1) started | org.apache.activemq.broker.BrokerService | main
2017-06-27 08:35:37,236 | INFO  | For help or more information please see: http://activemq.apache.org | org.apache.activemq.broker.BrokerService | main
2017-06-27 08:35:37,236 | WARN  | Store limit is 102400 mb, whilst the data directory: /home/ubuntu/apache-activemq-5.8.0/cluster/broker-3/data/kahadb only has 6422 mb of usable space | org.apache.activemq.broker.BrokerService | main
2017-06-27 08:35:37,236 | ERROR | Temporary Store limit is 51200 mb, whilst the temporary data directory: /home/ubuntu/apache-activemq-5.8.0/cluster/broker-3/data/broker-3/tmp_storage only has 6422 mb of usable space | org.apache.activemq.broker.BrokerService | main
2017-06-27 08:35:37,960 | INFO  | Web console type: embedded | org.apache.activemq.web.WebConsoleStarter | main
2017-06-27 08:35:38,196 | INFO  | ActiveMQ WebConsole initialized. | org.apache.activemq.web.WebConsoleStarter | main
2017-06-27 08:35:38,299 | INFO  | Initializing Spring FrameworkServlet 'dispatcher' | /admin | main
2017-06-27 08:35:38,855 | INFO  | jolokia-agent: No access restrictor found at classpath:/jolokia-access.xml, access to all MBeans is allowed | /api | main
2017-06-27 08:37:56,749 | WARN  | Broker localhost not started so using broker-3 instead | org.apache.activemq.broker.BrokerRegistry | qtp1624972302-30
2017-06-27 08:37:56,755 | INFO  | Connector vm://localhost Started | org.apache.activemq.broker.TransportConnector | qtp1624972302-30
2017-06-27 08:43:16,473 | INFO  | Apache ActiveMQ 5.8.0 (broker-3, ID:ip-172-31-1-69-35883-1498552536987-0:1) is shutting down | org.apache.activemq.broker.BrokerService | ActiveMQ ShutdownHook
2017-06-27 08:43:17,007 | INFO  | Connector openwire Stopped | org.apache.activemq.broker.TransportConnector | ActiveMQ ShutdownHook
2017-06-27 08:43:17,685 | INFO  | Connector amqp Stopped | org.apache.activemq.broker.TransportConnector | ActiveMQ ShutdownHook
2017-06-27 08:43:17,689 | INFO  | PListStore:[/home/ubuntu/apache-activemq-5.8.0/cluster/broker-3/data/broker-3/tmp_storage] stopped | org.apache.activemq.store.kahadb.plist.PListStoreImpl | ActiveMQ ShutdownHook
2017-06-27 08:43:17,689 | INFO  | Stopping async queue tasks | org.apache.activemq.store.kahadb.KahaDBStore | ActiveMQ ShutdownHook
2017-06-27 08:43:17,690 | INFO  | Stopping async topic tasks | org.apache.activemq.store.kahadb.KahaDBStore | ActiveMQ ShutdownHook
2017-06-27 08:43:17,690 | INFO  | Stopped KahaDB | org.apache.activemq.store.kahadb.KahaDBStore | ActiveMQ ShutdownHook
2017-06-27 08:43:18,185 | INFO  | Apache ActiveMQ 5.8.0 (broker-3, ID:ip-172-31-1-69-35883-1498552536987-0:1) uptime 7 minutes | org.apache.activemq.broker.BrokerService | ActiveMQ ShutdownHook
2017-06-27 08:43:18,185 | INFO  | Apache ActiveMQ 5.8.0 (broker-3, ID:ip-172-31-1-69-35883-1498552536987-0:1) is shutdown | org.apache.activemq.broker.BrokerService | ActiveMQ ShutdownHook
2017-06-27 08:43:18,185 | INFO  | Closing org.apache.activemq.xbean.XBeanBrokerFactory$1@5e3a8624: startup date [Tue Jun 27 08:35:34 UTC 2017]; root of context hierarchy | org.apache.activemq.xbean.XBeanBrokerFactory$1 | ActiveMQ ShutdownHook
2017-06-27 08:43:18,202 | INFO  | Destroying Spring FrameworkServlet 'dispatcher' | /admin | ActiveMQ ShutdownHook
2017-06-27 08:44:57,615 | INFO  | Refreshing org.apache.activemq.xbean.XBeanBrokerFactory$1@5e3a8624: startup date [Tue Jun 27 08:44:57 UTC 2017]; root of context hierarchy | org.apache.activemq.xbean.XBeanBrokerFactory$1 | main
2017-06-27 08:44:59,010 | INFO  | PListStore:[/home/ubuntu/apache-activemq-5.8.0/cluster/broker-3/data/broker-3/tmp_storage] started | org.apache.activemq.store.kahadb.plist.PListStoreImpl | main
2017-06-27 08:44:59,046 | INFO  | Using Persistence Adapter: KahaDBPersistenceAdapter[/home/ubuntu/apache-activemq-5.8.0/cluster/broker-3/data/kahadb] | org.apache.activemq.broker.BrokerService | main
2017-06-27 08:44:59,547 | INFO  | KahaDB is version 4 | org.apache.activemq.store.kahadb.MessageDatabase | main
2017-06-27 08:44:59,576 | INFO  | Recovering from the journal ... | org.apache.activemq.store.kahadb.MessageDatabase | main
2017-06-27 08:44:59,577 | INFO  | Recovery replayed 8 operations from the journal in 0.018 seconds. | org.apache.activemq.store.kahadb.MessageDatabase | main
2017-06-27 08:44:59,732 | INFO  | Apache ActiveMQ 5.8.0 (broker-3, ID:ip-172-31-1-69-41910-1498553099611-0:1) is starting | org.apache.activemq.broker.BrokerService | main
2017-06-27 08:44:59,836 | INFO  | Listening for connections at: tcp://ip-172-31-1-69:61636?maximumConnections=1000&wireformat.maxFrameSize=104857600 | org.apache.activemq.transport.TransportServerThreadSupport | main
2017-06-27 08:44:59,842 | INFO  | Connector openwire Started | org.apache.activemq.broker.TransportConnector | main
2017-06-27 08:44:59,845 | INFO  | Listening for connections at: amqp://ip-172-31-1-69:5692?maximumConnections=1000&wireformat.maxFrameSize=104857600 | org.apache.activemq.transport.TransportServerThreadSupport | main
2017-06-27 08:44:59,846 | INFO  | Connector amqp Started | org.apache.activemq.broker.TransportConnector | main
2017-06-27 08:44:59,847 | INFO  | Apache ActiveMQ 5.8.0 (broker-3, ID:ip-172-31-1-69-41910-1498553099611-0:1) started | org.apache.activemq.broker.BrokerService | main
2017-06-27 08:44:59,847 | INFO  | For help or more information please see: http://activemq.apache.org | org.apache.activemq.broker.BrokerService | main
2017-06-27 08:44:59,847 | WARN  | Store limit is 102400 mb, whilst the data directory: /home/ubuntu/apache-activemq-5.8.0/cluster/broker-3/data/kahadb only has 6422 mb of usable space | org.apache.activemq.broker.BrokerService | main
2017-06-27 08:44:59,848 | ERROR | Temporary Store limit is 51200 mb, whilst the temporary data directory: /home/ubuntu/apache-activemq-5.8.0/cluster/broker-3/data/broker-3/tmp_storage only has 6422 mb of usable space | org.apache.activemq.broker.BrokerService | main
2017-06-27 08:45:00,569 | INFO  | Web console type: embedded | org.apache.activemq.web.WebConsoleStarter | main
2017-06-27 08:45:00,802 | INFO  | ActiveMQ WebConsole initialized. | org.apache.activemq.web.WebConsoleStarter | main
2017-06-27 08:45:00,900 | INFO  | Initializing Spring FrameworkServlet 'dispatcher' | /admin | main
2017-06-27 08:45:01,377 | INFO  | jolokia-agent: No access restrictor found at classpath:/jolokia-access.xml, access to all MBeans is allowed | /api | main
2017-06-27 08:48:32,285 | WARN  | Transport Connection to: tcp://127.0.0.1:42614 failed: java.io.EOFException | org.apache.activemq.broker.TransportConnection.Transport | ActiveMQ Transport: tcp:///127.0.0.1:42614@61636
2017-06-27 08:49:56,552 | WARN  | Transport Connection to: tcp://127.0.0.1:42616 failed: java.io.EOFException | org.apache.activemq.broker.TransportConnection.Transport | ActiveMQ Transport: tcp:///127.0.0.1:42616@61636
2017-06-27 08:52:12,400 | INFO  | Apache ActiveMQ 5.8.0 (broker-3, ID:ip-172-31-1-69-41910-1498553099611-0:1) is shutting down | org.apache.activemq.broker.BrokerService | ActiveMQ ShutdownHook
2017-06-27 08:52:12,507 | INFO  | Connector openwire Stopped | org.apache.activemq.broker.TransportConnector | ActiveMQ ShutdownHook
2017-06-27 08:52:14,309 | INFO  | Connector amqp Stopped | org.apache.activemq.broker.TransportConnector | ActiveMQ ShutdownHook
2017-06-27 08:52:14,313 | INFO  | PListStore:[/home/ubuntu/apache-activemq-5.8.0/cluster/broker-3/data/broker-3/tmp_storage] stopped | org.apache.activemq.store.kahadb.plist.PListStoreImpl | ActiveMQ ShutdownHook
2017-06-27 08:52:14,313 | INFO  | Stopping async queue tasks | org.apache.activemq.store.kahadb.KahaDBStore | ActiveMQ ShutdownHook
2017-06-27 08:52:14,313 | INFO  | Stopping async topic tasks | org.apache.activemq.store.kahadb.KahaDBStore | ActiveMQ ShutdownHook
2017-06-27 08:52:14,313 | INFO  | Stopped KahaDB | org.apache.activemq.store.kahadb.KahaDBStore | ActiveMQ ShutdownHook
2017-06-27 08:52:14,631 | INFO  | Apache ActiveMQ 5.8.0 (broker-3, ID:ip-172-31-1-69-41910-1498553099611-0:1) uptime 7 minutes | org.apache.activemq.broker.BrokerService | ActiveMQ ShutdownHook
2017-06-27 08:52:14,631 | INFO  | Apache ActiveMQ 5.8.0 (broker-3, ID:ip-172-31-1-69-41910-1498553099611-0:1) is shutdown | org.apache.activemq.broker.BrokerService | ActiveMQ ShutdownHook
2017-06-27 08:52:14,632 | INFO  | Closing org.apache.activemq.xbean.XBeanBrokerFactory$1@5e3a8624: startup date [Tue Jun 27 08:44:57 UTC 2017]; root of context hierarchy | org.apache.activemq.xbean.XBeanBrokerFactory$1 | ActiveMQ ShutdownHook
2017-06-27 08:52:14,649 | INFO  | Destroying Spring FrameworkServlet 'dispatcher' | /admin | ActiveMQ ShutdownHook
2017-06-27 09:04:31,747 | INFO  | Refreshing org.apache.activemq.xbean.XBeanBrokerFactory$1@5e3a8624: startup date [Tue Jun 27 09:04:31 UTC 2017]; root of context hierarchy | org.apache.activemq.xbean.XBeanBrokerFactory$1 | main
2017-06-27 09:04:33,090 | INFO  | PListStore:[/home/ubuntu/apache-activemq-5.8.0/cluster/broker-3/data/broker-3/tmp_storage] started | org.apache.activemq.store.kahadb.plist.PListStoreImpl | main
2017-06-27 09:04:33,124 | INFO  | Using Persistence Adapter: KahaDBPersistenceAdapter[/home/ubuntu/apache-activemq-5.8.0/cluster/broker-3/data/kahadb] | org.apache.activemq.broker.BrokerService | main
2017-06-27 09:04:33,808 | INFO  | KahaDB is version 4 | org.apache.activemq.store.kahadb.MessageDatabase | main
2017-06-27 09:04:33,837 | INFO  | Recovering from the journal ... | org.apache.activemq.store.kahadb.MessageDatabase | main
2017-06-27 09:04:33,843 | INFO  | Recovery replayed 11 operations from the journal in 0.019 seconds. | org.apache.activemq.store.kahadb.MessageDatabase | main
2017-06-27 09:04:33,983 | INFO  | Apache ActiveMQ 5.8.0 (broker-3, ID:ip-172-31-1-69-35514-1498554273859-0:1) is starting | org.apache.activemq.broker.BrokerService | main
2017-06-27 09:04:34,109 | INFO  | Listening for connections at: tcp://ip-172-31-1-69:61636?maximumConnections=1000&wireformat.maxFrameSize=104857600 | org.apache.activemq.transport.TransportServerThreadSupport | main
2017-06-27 09:04:34,110 | INFO  | Connector openwire Started | org.apache.activemq.broker.TransportConnector | main
2017-06-27 09:04:34,113 | INFO  | Listening for connections at: amqp://ip-172-31-1-69:5692?maximumConnections=1000&wireformat.maxFrameSize=104857600 | org.apache.activemq.transport.TransportServerThreadSupport | main
2017-06-27 09:04:34,114 | INFO  | Connector amqp Started | org.apache.activemq.broker.TransportConnector | main
2017-06-27 09:04:34,115 | INFO  | Apache ActiveMQ 5.8.0 (broker-3, ID:ip-172-31-1-69-35514-1498554273859-0:1) started | org.apache.activemq.broker.BrokerService | main
2017-06-27 09:04:34,115 | INFO  | For help or more information please see: http://activemq.apache.org | org.apache.activemq.broker.BrokerService | main
2017-06-27 09:04:34,116 | WARN  | Store limit is 102400 mb, whilst the data directory: /home/ubuntu/apache-activemq-5.8.0/cluster/broker-3/data/kahadb only has 6422 mb of usable space | org.apache.activemq.broker.BrokerService | main
2017-06-27 09:04:34,116 | ERROR | Temporary Store limit is 51200 mb, whilst the temporary data directory: /home/ubuntu/apache-activemq-5.8.0/cluster/broker-3/data/broker-3/tmp_storage only has 6422 mb of usable space | org.apache.activemq.broker.BrokerService | main
2017-06-27 09:04:34,825 | INFO  | Web console type: embedded | org.apache.activemq.web.WebConsoleStarter | main
2017-06-27 09:04:35,051 | INFO  | ActiveMQ WebConsole initialized. | org.apache.activemq.web.WebConsoleStarter | main
2017-06-27 09:04:35,156 | INFO  | Initializing Spring FrameworkServlet 'dispatcher' | /admin | main
2017-06-27 09:04:35,659 | INFO  | jolokia-agent: No access restrictor found at classpath:/jolokia-access.xml, access to all MBeans is allowed | /api | main
2017-06-27 09:06:17,422 | INFO  | Apache ActiveMQ 5.8.0 (broker-3, ID:ip-172-31-1-69-35514-1498554273859-0:1) is shutting down | org.apache.activemq.broker.BrokerService | ActiveMQ ShutdownHook
2017-06-27 09:06:19,030 | INFO  | Connector openwire Stopped | org.apache.activemq.broker.TransportConnector | ActiveMQ ShutdownHook
2017-06-27 09:06:20,235 | INFO  | Connector amqp Stopped | org.apache.activemq.broker.TransportConnector | ActiveMQ ShutdownHook
2017-06-27 09:06:20,238 | INFO  | PListStore:[/home/ubuntu/apache-activemq-5.8.0/cluster/broker-3/data/broker-3/tmp_storage] stopped | org.apache.activemq.store.kahadb.plist.PListStoreImpl | ActiveMQ ShutdownHook
2017-06-27 09:06:20,238 | INFO  | Stopping async queue tasks | org.apache.activemq.store.kahadb.KahaDBStore | ActiveMQ ShutdownHook
2017-06-27 09:06:20,238 | INFO  | Stopping async topic tasks | org.apache.activemq.store.kahadb.KahaDBStore | ActiveMQ ShutdownHook
2017-06-27 09:06:20,239 | INFO  | Stopped KahaDB | org.apache.activemq.store.kahadb.KahaDBStore | ActiveMQ ShutdownHook
2017-06-27 09:06:20,501 | INFO  | Apache ActiveMQ 5.8.0 (broker-3, ID:ip-172-31-1-69-35514-1498554273859-0:1) uptime 1 minute | org.apache.activemq.broker.BrokerService | ActiveMQ ShutdownHook
2017-06-27 09:06:20,501 | INFO  | Apache ActiveMQ 5.8.0 (broker-3, ID:ip-172-31-1-69-35514-1498554273859-0:1) is shutdown | org.apache.activemq.broker.BrokerService | ActiveMQ ShutdownHook
2017-06-27 09:06:20,501 | INFO  | Closing org.apache.activemq.xbean.XBeanBrokerFactory$1@5e3a8624: startup date [Tue Jun 27 09:04:31 UTC 2017]; root of context hierarchy | org.apache.activemq.xbean.XBeanBrokerFactory$1 | ActiveMQ ShutdownHook
2017-06-27 09:06:20,524 | INFO  | Destroying Spring FrameworkServlet 'dispatcher' | /admin | ActiveMQ ShutdownHook
2017-06-27 09:06:34,427 | INFO  | Refreshing org.apache.activemq.xbean.XBeanBrokerFactory$1@5e3a8624: startup date [Tue Jun 27 09:06:34 UTC 2017]; root of context hierarchy | org.apache.activemq.xbean.XBeanBrokerFactory$1 | main
2017-06-27 09:06:35,854 | INFO  | PListStore:[/home/ubuntu/apache-activemq-5.8.0/cluster/broker-3/data/broker-3/tmp_storage] started | org.apache.activemq.store.kahadb.plist.PListStoreImpl | main
2017-06-27 09:06:35,894 | INFO  | Using Persistence Adapter: KahaDBPersistenceAdapter[/home/ubuntu/apache-activemq-5.8.0/cluster/broker-3/data/kahadb] | org.apache.activemq.broker.BrokerService | main
2017-06-27 09:06:36,806 | INFO  | KahaDB is version 4 | org.apache.activemq.store.kahadb.MessageDatabase | main
2017-06-27 09:06:36,845 | INFO  | Recovering from the journal ... | org.apache.activemq.store.kahadb.MessageDatabase | main
2017-06-27 09:06:36,849 | INFO  | Recovery replayed 12 operations from the journal in 0.018 seconds. | org.apache.activemq.store.kahadb.MessageDatabase | main
2017-06-27 09:06:36,996 | INFO  | Apache ActiveMQ 5.8.0 (broker-3, ID:ip-172-31-1-69-37057-1498554396870-0:1) is starting | org.apache.activemq.broker.BrokerService | main
2017-06-27 09:06:37,138 | INFO  | Listening for connections at: tcp://ip-172-31-1-69:61636?maximumConnections=1000&wireformat.maxFrameSize=104857600 | org.apache.activemq.transport.TransportServerThreadSupport | main
2017-06-27 09:06:37,139 | INFO  | Connector openwire Started | org.apache.activemq.broker.TransportConnector | main
2017-06-27 09:06:37,144 | INFO  | Listening for connections at: amqp://ip-172-31-1-69:5692?maximumConnections=1000&wireformat.maxFrameSize=104857600 | org.apache.activemq.transport.TransportServerThreadSupport | main
2017-06-27 09:06:37,145 | INFO  | Connector amqp Started | org.apache.activemq.broker.TransportConnector | main
2017-06-27 09:06:37,146 | INFO  | Apache ActiveMQ 5.8.0 (broker-3, ID:ip-172-31-1-69-37057-1498554396870-0:1) started | org.apache.activemq.broker.BrokerService | main
2017-06-27 09:06:37,146 | INFO  | For help or more information please see: http://activemq.apache.org | org.apache.activemq.broker.BrokerService | main
2017-06-27 09:06:37,146 | WARN  | Store limit is 102400 mb, whilst the data directory: /home/ubuntu/apache-activemq-5.8.0/cluster/broker-3/data/kahadb only has 6422 mb of usable space | org.apache.activemq.broker.BrokerService | main
2017-06-27 09:06:37,146 | ERROR | Temporary Store limit is 51200 mb, whilst the temporary data directory: /home/ubuntu/apache-activemq-5.8.0/cluster/broker-3/data/broker-3/tmp_storage only has 6422 mb of usable space | org.apache.activemq.broker.BrokerService | main
2017-06-27 09:06:37,881 | INFO  | Web console type: embedded | org.apache.activemq.web.WebConsoleStarter | main
2017-06-27 09:06:38,131 | INFO  | ActiveMQ WebConsole initialized. | org.apache.activemq.web.WebConsoleStarter | main
2017-06-27 09:06:38,232 | INFO  | Initializing Spring FrameworkServlet 'dispatcher' | /admin | main
2017-06-27 09:06:38,740 | INFO  | jolokia-agent: No access restrictor found at classpath:/jolokia-access.xml, access to all MBeans is allowed | /api | main
2017-06-27 09:08:34,170 | WARN  | Transport Connection to: tcp://127.0.0.1:42618 failed: java.io.EOFException | org.apache.activemq.broker.TransportConnection.Transport | ActiveMQ Transport: tcp:///127.0.0.1:42618@61636
2017-06-27 09:11:42,796 | WARN  | Transport Connection to: tcp://127.0.0.1:42622 failed: java.io.EOFException | org.apache.activemq.broker.TransportConnection.Transport | ActiveMQ Transport: tcp:///127.0.0.1:42622@61636
2017-06-27 09:11:42,798 | WARN  | Transport Connection to: tcp://127.0.0.1:42620 failed: java.io.EOFException | org.apache.activemq.broker.TransportConnection.Transport | ActiveMQ Transport: tcp:///127.0.0.1:42620@61636
2017-06-27 09:17:53,720 | WARN  | Transport Connection to: tcp://127.0.0.1:42624 failed: java.io.EOFException | org.apache.activemq.broker.TransportConnection.Transport | ActiveMQ Transport: tcp:///127.0.0.1:42624@61636
2017-06-27 09:24:23,693 | WARN  | Transport Connection to: tcp://34.209.66.169:57618 failed: java.io.EOFException | org.apache.activemq.broker.TransportConnection.Transport | ActiveMQ Transport: tcp:///34.209.66.169:57618@61636
2017-06-27 09:29:53,703 | WARN  | Transport Connection to: tcp://127.0.0.1:42628 failed: java.io.EOFException | org.apache.activemq.broker.TransportConnection.Transport | ActiveMQ Transport: tcp:///127.0.0.1:42628@61636
2017-06-27 11:41:13,306 | INFO  | Apache ActiveMQ 5.8.0 (broker-3, ID:ip-172-31-1-69-37057-1498554396870-0:1) is shutting down | org.apache.activemq.broker.BrokerService | Thread-17
2017-06-27 11:41:14,074 | INFO  | Connector openwire Stopped | org.apache.activemq.broker.TransportConnector | Thread-17
2017-06-27 11:41:14,159 | INFO  | Connector amqp Stopped | org.apache.activemq.broker.TransportConnector | Thread-17
2017-06-27 11:41:14,163 | INFO  | PListStore:[/home/ubuntu/apache-activemq-5.8.0/cluster/broker-3/data/broker-3/tmp_storage] stopped | org.apache.activemq.store.kahadb.plist.PListStoreImpl | Thread-17
2017-06-27 11:41:14,163 | INFO  | Stopping async queue tasks | org.apache.activemq.store.kahadb.KahaDBStore | Thread-17
2017-06-27 11:41:14,163 | INFO  | Stopping async topic tasks | org.apache.activemq.store.kahadb.KahaDBStore | Thread-17
2017-06-27 11:41:14,163 | INFO  | Stopped KahaDB | org.apache.activemq.store.kahadb.KahaDBStore | Thread-17
2017-06-27 11:41:14,214 | INFO  | Apache ActiveMQ 5.8.0 (broker-3, ID:ip-172-31-1-69-37057-1498554396870-0:1) uptime 2 hours 34 minutes | org.apache.activemq.broker.BrokerService | Thread-17
2017-06-27 11:41:14,215 | INFO  | Apache ActiveMQ 5.8.0 (broker-3, ID:ip-172-31-1-69-37057-1498554396870-0:1) is shutdown | org.apache.activemq.broker.BrokerService | Thread-17
2017-06-27 11:41:14,215 | INFO  | Closing org.apache.activemq.xbean.XBeanBrokerFactory$1@5e3a8624: startup date [Tue Jun 27 09:06:34 UTC 2017]; root of context hierarchy | org.apache.activemq.xbean.XBeanBrokerFactory$1 | Thread-17
2017-06-27 11:41:14,229 | INFO  | Destroying Spring FrameworkServlet 'dispatcher' | /admin | Thread-17
2017-07-03 08:33:37,294 | INFO  | Refreshing org.apache.activemq.xbean.XBeanBrokerFactory$1@5e3a8624: startup date [Mon Jul 03 08:33:37 UTC 2017]; root of context hierarchy | org.apache.activemq.xbean.XBeanBrokerFactory$1 | main
2017-07-03 08:33:38,698 | INFO  | PListStore:[/home/ubuntu/apache-activemq-5.8.0/cluster/broker-3/data/broker-3/tmp_storage] started | org.apache.activemq.store.kahadb.plist.PListStoreImpl | main
2017-07-03 08:33:38,742 | INFO  | Using Persistence Adapter: KahaDBPersistenceAdapter[/home/ubuntu/apache-activemq-5.8.0/cluster/broker-3/data/kahadb] | org.apache.activemq.broker.BrokerService | main
2017-07-03 08:33:39,356 | INFO  | KahaDB is version 4 | org.apache.activemq.store.kahadb.MessageDatabase | main
2017-07-03 08:33:39,396 | INFO  | Recovering from the journal ... | org.apache.activemq.store.kahadb.MessageDatabase | main
2017-07-03 08:33:39,398 | INFO  | Recovery replayed 1 operations from the journal in 0.027 seconds. | org.apache.activemq.store.kahadb.MessageDatabase | main
2017-07-03 08:33:39,552 | INFO  | Apache ActiveMQ 5.8.0 (broker-3, ID:ip-172-31-1-69-42591-1499070819426-0:1) is starting | org.apache.activemq.broker.BrokerService | main
2017-07-03 08:33:39,724 | INFO  | Listening for connections at: tcp://ip-172-31-1-69:61636?maximumConnections=1000&wireformat.maxFrameSize=104857600 | org.apache.activemq.transport.TransportServerThreadSupport | main
2017-07-03 08:33:39,729 | INFO  | Connector openwire Started | org.apache.activemq.broker.TransportConnector | main
2017-07-03 08:33:39,733 | INFO  | Listening for connections at: amqp://ip-172-31-1-69:5692?maximumConnections=1000&wireformat.maxFrameSize=104857600 | org.apache.activemq.transport.TransportServerThreadSupport | main
2017-07-03 08:33:39,736 | INFO  | Connector amqp Started | org.apache.activemq.broker.TransportConnector | main
2017-07-03 08:33:39,738 | INFO  | Apache ActiveMQ 5.8.0 (broker-3, ID:ip-172-31-1-69-42591-1499070819426-0:1) started | org.apache.activemq.broker.BrokerService | main
2017-07-03 08:33:39,738 | INFO  | For help or more information please see: http://activemq.apache.org | org.apache.activemq.broker.BrokerService | main
2017-07-03 08:33:39,738 | WARN  | Store limit is 102400 mb, whilst the data directory: /home/ubuntu/apache-activemq-5.8.0/cluster/broker-3/data/kahadb only has 6230 mb of usable space | org.apache.activemq.broker.BrokerService | main
2017-07-03 08:33:39,738 | ERROR | Temporary Store limit is 51200 mb, whilst the temporary data directory: /home/ubuntu/apache-activemq-5.8.0/cluster/broker-3/data/broker-3/tmp_storage only has 6230 mb of usable space | org.apache.activemq.broker.BrokerService | main
2017-07-03 08:33:40,593 | INFO  | Web console type: embedded | org.apache.activemq.web.WebConsoleStarter | main
2017-07-03 08:33:40,870 | INFO  | ActiveMQ WebConsole initialized. | org.apache.activemq.web.WebConsoleStarter | main
2017-07-03 08:33:41,197 | INFO  | Initializing Spring FrameworkServlet 'dispatcher' | /admin | main
2017-07-03 08:33:41,592 | INFO  | jolokia-agent: No access restrictor found at classpath:/jolokia-access.xml, access to all MBeans is allowed | /api | main
2017-07-03 09:16:19,707 | WARN  | Broker localhost not started so using broker-3 instead | org.apache.activemq.broker.BrokerRegistry | qtp485845532-28
2017-07-03 09:16:19,709 | INFO  | Connector vm://localhost Started | org.apache.activemq.broker.TransportConnector | qtp485845532-28
2017-07-03 09:37:43,919 | WARN  | Transport Connection to: tcp://127.0.0.1:42710 failed: java.io.EOFException | org.apache.activemq.broker.TransportConnection.Transport | ActiveMQ Transport: tcp:///127.0.0.1:42710@61636
2017-07-03 09:37:45,249 | WARN  | Transport Connection to: tcp://127.0.0.1:42712 failed: java.io.EOFException | org.apache.activemq.broker.TransportConnection.Transport | ActiveMQ Transport: tcp:///127.0.0.1:42712@61636
2017-07-03 09:37:48,794 | WARN  | Transport Connection to: tcp://127.0.0.1:42714 failed: java.io.EOFException | org.apache.activemq.broker.TransportConnection.Transport | ActiveMQ Transport: tcp:///127.0.0.1:42714@61636
2017-07-03 09:53:18,705 | WARN  | Transport Connection to: tcp://127.0.0.1:42716 failed: java.io.EOFException | org.apache.activemq.broker.TransportConnection.Transport | ActiveMQ Transport: tcp:///127.0.0.1:42716@61636
2017-07-03 09:53:21,709 | WARN  | Transport Connection to: tcp://127.0.0.1:42718 failed: java.io.EOFException | org.apache.activemq.broker.TransportConnection.Transport | ActiveMQ Transport: tcp:///127.0.0.1:42718@61636
2017-07-03 09:53:28,285 | WARN  | Transport Connection to: tcp://127.0.0.1:42720 failed: java.io.EOFException | org.apache.activemq.broker.TransportConnection.Transport | ActiveMQ Transport: tcp:///127.0.0.1:42720@61636
2017-07-03 09:57:31,490 | WARN  | Transport Connection to: tcp://127.0.0.1:42726 failed: java.io.EOFException | org.apache.activemq.broker.TransportConnection.Transport | ActiveMQ Transport: tcp:///127.0.0.1:42726@61636
2017-07-03 09:57:32,554 | WARN  | Transport Connection to: tcp://127.0.0.1:42724 failed: java.io.EOFException | org.apache.activemq.broker.TransportConnection.Transport | ActiveMQ Transport: tcp:///127.0.0.1:42724@61636
2017-07-03 09:57:33,835 | WARN  | Transport Connection to: tcp://127.0.0.1:42722 failed: java.io.EOFException | org.apache.activemq.broker.TransportConnection.Transport | ActiveMQ Transport: tcp:///127.0.0.1:42722@61636
2017-07-03 10:02:52,587 | WARN  | Transport Connection to: tcp://127.0.0.1:42728 failed: java.io.EOFException | org.apache.activemq.broker.TransportConnection.Transport | ActiveMQ Transport: tcp:///127.0.0.1:42728@61636
2017-07-03 10:02:54,839 | WARN  | Transport Connection to: tcp://127.0.0.1:42730 failed: java.io.EOFException | org.apache.activemq.broker.TransportConnection.Transport | ActiveMQ Transport: tcp:///127.0.0.1:42730@61636
2017-07-03 10:02:55,757 | WARN  | Transport Connection to: tcp://127.0.0.1:42732 failed: java.io.EOFException | org.apache.activemq.broker.TransportConnection.Transport | ActiveMQ Transport: tcp:///127.0.0.1:42732@61636
2017-07-03 10:12:05,106 | WARN  | Transport Connection to: tcp://127.0.0.1:42734 failed: java.io.EOFException | org.apache.activemq.broker.TransportConnection.Transport | ActiveMQ Transport: tcp:///127.0.0.1:42734@61636
2017-07-03 10:12:06,296 | WARN  | Transport Connection to: tcp://127.0.0.1:42736 failed: java.io.EOFException | org.apache.activemq.broker.TransportConnection.Transport | ActiveMQ Transport: tcp:///127.0.0.1:42736@61636
2017-07-03 12:23:41,018 | INFO  | Apache ActiveMQ 5.8.0 (broker-3, ID:ip-172-31-1-69-42591-1499070819426-0:1) is shutting down | org.apache.activemq.broker.BrokerService | Thread-18
2017-07-03 12:23:41,422 | INFO  | Connector openwire Stopped | org.apache.activemq.broker.TransportConnector | Thread-18
2017-07-03 12:23:42,681 | INFO  | Connector amqp Stopped | org.apache.activemq.broker.TransportConnector | Thread-18
2017-07-03 12:23:42,686 | INFO  | PListStore:[/home/ubuntu/apache-activemq-5.8.0/cluster/broker-3/data/broker-3/tmp_storage] stopped | org.apache.activemq.store.kahadb.plist.PListStoreImpl | Thread-18
2017-07-03 12:23:42,686 | INFO  | Stopping async queue tasks | org.apache.activemq.store.kahadb.KahaDBStore | Thread-18
2017-07-03 12:23:42,686 | INFO  | Stopping async topic tasks | org.apache.activemq.store.kahadb.KahaDBStore | Thread-18
2017-07-03 12:23:42,687 | INFO  | Stopped KahaDB | org.apache.activemq.store.kahadb.KahaDBStore | Thread-18
2017-07-03 12:23:42,941 | INFO  | Apache ActiveMQ 5.8.0 (broker-3, ID:ip-172-31-1-69-42591-1499070819426-0:1) uptime 3 hours 50 minutes | org.apache.activemq.broker.BrokerService | Thread-18
2017-07-03 12:23:42,941 | INFO  | Apache ActiveMQ 5.8.0 (broker-3, ID:ip-172-31-1-69-42591-1499070819426-0:1) is shutdown | org.apache.activemq.broker.BrokerService | Thread-18
2017-07-03 12:23:42,941 | INFO  | Closing org.apache.activemq.xbean.XBeanBrokerFactory$1@5e3a8624: startup date [Mon Jul 03 08:33:37 UTC 2017]; root of context hierarchy | org.apache.activemq.xbean.XBeanBrokerFactory$1 | Thread-18
2017-07-03 12:23:42,963 | INFO  | Destroying Spring FrameworkServlet 'dispatcher' | /admin | Thread-18
