-Xajruntimetarget:1.5
-1.8
-encoding
UTF-8
-source
1.8
-target
1.8
-classpath
/home/estudiante/.m2/repository/org/apache/activemq/activemq-client/5.11.1/activemq-client-5.11.1.jar:/home/estudiante/.m2/repository/org/apache/activemq/activemq-broker/5.14.4/activemq-broker-5.14.4.jar:/home/estudiante/.m2/repository/log4j/log4j/1.2.17/log4j-1.2.17.jar:/home/estudiante/.m2/repository/org/apache/activemq/activemq-stomp/5.8.0/activemq-stomp-5.8.0.jar:/home/estudiante/.m2/repository/org/aspectj/aspectjrt/1.8.9/aspectjrt-1.8.9.jar:/home/estudiante/.m2/repository/junit/junit/4.12/junit-4.12.jar:/home/estudiante/.m2/repository/co/edu/icesi/eketal/co.edu.icesi.eketal.lib/1.0.0-SNAPSHOT/co.edu.icesi.eketal.lib-1.0.0-SNAPSHOT.jar:/home/estudiante/.m2/repository/commons-logging/commons-logging/1.1.1/commons-logging-1.1.1.jar:/home/estudiante/.m2/repository/org/mockito/mockito-all/1.9.5/mockito-all-1.9.5.jar:/home/estudiante/.m2/repository/org/jboss/cache/jbosscache-core/3.2.7.GA/jbosscache-core-3.2.7.GA.jar:/home/estudiante/.m2/repository/org/slf4j/slf4j-api/1.7.10/slf4j-api-1.7.10.jar:/home/estudiante/.m2/repository/org/apache/geronimo/specs/geronimo-jms_1.1_spec/1.1.1/geronimo-jms_1.1_spec-1.1.1.jar:/home/estudiante/.m2/repository/org/fusesource/hawtbuf/hawtbuf/1.11/hawtbuf-1.11.jar:/home/estudiante/.m2/repository/org/apache/geronimo/specs/geronimo-j2ee-management_1.1_spec/1.0.1/geronimo-j2ee-management_1.1_spec-1.0.1.jar:/home/estudiante/.m2/repository/org/apache/activemq/activemq-openwire-legacy/5.14.4/activemq-openwire-legacy-5.14.4.jar:/home/estudiante/.m2/repository/org/hamcrest/hamcrest-core/1.3/hamcrest-core-1.3.jar:/home/estudiante/.m2/repository/org/jgroups/jgroups/3.6.9.Final/jgroups-3.6.9.Final.jar:/home/estudiante/.m2/repository/dk/brics/automaton/automaton/1.11-8/automaton-1.11-8.jar:/home/estudiante/.m2/repository/jgroups/jgroups/2.6.13.GA/jgroups-2.6.13.GA.jar:/home/estudiante/.m2/repository/org/jboss/javaee/jboss-transaction-api/1.0.1.GA/jboss-transaction-api-1.0.1.GA.jar:/home/estudiante/.m2/repository/org/jboss/jboss-common-core/2.2.14.GA/jboss-common-core-2.2.14.GA.jar:/home/estudiante/.m2/repository/org/jboss/logging/jboss-logging-spi/2.0.5.GA/jboss-logging-spi-2.0.5.GA.jar:/home/estudiante/NetBeansProjects/amq/target/classes
-d
/home/estudiante/NetBeansProjects/amq/target/classes
/home/estudiante/NetBeansProjects/amq/src/main/java/example/transactions/src/Retailer.java
/home/estudiante/NetBeansProjects/amq/src/main/java/example/transactions/src/TransactionsDemo.java
/home/estudiante/NetBeansProjects/amq/src/main/java/example/transactions/src/Vendor.java
/home/estudiante/NetBeansProjects/amq/src/main/java/example/transactions/src/Supplier.java
/home/estudiante/NetBeansProjects/amq/src/main/java/example/src/ConsumerTool2.java
/home/estudiante/NetBeansProjects/amq/src/main/java/example/src/Log4jJMSAppenderExample.java
/home/estudiante/NetBeansProjects/amq/src/main/java/example/src/ProducerAndConsumerTool.java
/home/estudiante/NetBeansProjects/amq/src/main/java/example/src/TopicListener.java
/home/estudiante/NetBeansProjects/amq/src/main/java/example/src/CommandLineSupport.java
/home/estudiante/NetBeansProjects/amq/src/main/java/example/src/TopicPublisher.java
/home/estudiante/NetBeansProjects/amq/src/main/java/example/src/EmbeddedBroker.java
/home/estudiante/NetBeansProjects/amq/src/main/java/example/src/RequesterTool.java
/home/estudiante/NetBeansProjects/amq/src/main/java/example/src/ProducerTool.java
/home/estudiante/NetBeansProjects/amq/src/main/java/example/src/StompExample.java
/home/estudiante/NetBeansProjects/amq/src/main/java/example/src/ConsumerTool.java
/home/estudiante/NetBeansProjects/amq/src/main/generated-sources/co/edu/icesi/eketal/aspects/ProducerAMQ.aj
/home/estudiante/NetBeansProjects/amq/src/main/generated-sources/co/edu/icesi/eketal/automaton/AutomatonConstructor.java
/home/estudiante/NetBeansProjects/amq/src/main/generated-sources/co/edu/icesi/eketal/handlercontrol/EventHandler.java
/home/estudiante/NetBeansProjects/amq/src/main/generated-sources/co/edu/icesi/eketal/groupsimpl/GroupsControl.java
/home/estudiante/NetBeansProjects/amq/src/main/generated-sources/co/edu/icesi/eketal/reaction/Reaction.java
