[06/07/17 02:28:35:035 COT] DEBUG jgroups.JGroupsAbstractFacade: ** view: [supervisor1-61160|7] (2) [supervisor1-61160, linux77-63726]
[06/07/17 02:28:35:035 COT] DEBUG aspects.ProducerAMQ: [Aspectj] Before: Returned or threw an Exception
[06/07/17 02:28:35:035 COT] DEBUG aspects.ProducerAMQ: [Aspectj] After: Returned or threw an Exception
[06/07/17 02:29:46:046 COT] DEBUG jgroups.JGroupsAbstractFacade: ** view: [supervisor1-61160|9] (2) [supervisor1-61160, linux77-1988]
[06/07/17 02:29:46:046 COT] DEBUG aspects.ProducerAMQ: [Aspectj] Before: Returned or threw an Exception
[06/07/17 02:29:46:046 COT] DEBUG aspects.ProducerAMQ: [Aspectj] After: Returned or threw an Exception
[06/07/17 02:42:14:014 COT] DEBUG jgroups.JGroupsAbstractFacade: ** view: [supervisor1-61160|11] (2) [supervisor1-61160, linux77-39161]
[06/07/17 02:42:14:014 COT] DEBUG aspects.ProducerAMQ: [Aspectj] Before: Event not recognized by the automaton
[06/07/17 02:42:14:014 COT] DEBUG aspects.ProducerAMQ: [Aspectj] After: Returned or threw an Exception
[06/07/17 02:43:19:019 COT] DEBUG jgroups.JGroupsAbstractFacade: ** view: [supervisor1-61160|12] (3) [supervisor1-61160, bf96e608-ca51-a26b-f7b0-0e31873acb46, linux77-29958]
[06/07/17 02:43:19:019 COT] DEBUG aspects.ProducerAMQ: [Aspectj] Before: Event not recognized by the automaton
[06/07/17 02:43:19:019 COT] DEBUG aspects.ProducerAMQ: [Aspectj] After: Returned or threw an Exception
[06/07/17 02:43:24:024 COT] DEBUG jgroups.JGroupsAbstractFacade: ** view: [supervisor1-61160|13] (2) [supervisor1-61160, linux77-29958]
[06/07/17 02:43:40:040 COT] DEBUG jgroups.JGroupsAbstractFacade: ** view: [supervisor1-61160|15] (2) [supervisor1-61160, linux77-9870]
[06/07/17 02:43:41:041 COT] DEBUG aspects.ProducerAMQ: [Aspectj] Before: Event not recognized by the automaton
[06/07/17 02:43:41:041 COT] DEBUG aspects.ProducerAMQ: [Aspectj] After: Returned or threw an Exception
[06/07/17 02:44:10:010 COT] DEBUG jgroups.JGroupsAbstractFacade: ** view: [linux77-9870|16] (1) [linux77-9870]
[06/07/17 02:44:30:030 COT] DEBUG jgroups.JGroupsAbstractFacade: ** view: [linux77-9870|17] (3) [linux77-9870, supervisor4-19492, supervisor1-52878]
[06/07/17 02:44:32:032 COT] DEBUG jgroups.JGroupsAbstractFacade: ** view: [linux77-9870|18] (4) [linux77-9870, supervisor4-19492, supervisor1-52878, supervisor3-60970]
[06/07/17 02:44:49:049 COT] DEBUG jgroups.JGroupsAbstractFacade: ** view: [supervisor4-19492|20] (4) [supervisor4-19492, supervisor1-52878, supervisor3-60970, linux77-53961]
[06/07/17 02:44:49:049 COT] DEBUG aspects.ProducerAMQ: [Aspectj] Before: Returned or threw an Exception
[06/07/17 02:44:49:049 COT] DEBUG aspects.ProducerAMQ: [Aspectj] After: Returned or threw an Exception
[06/07/17 02:54:33:033 COT] DEBUG jgroups.JGroupsAbstractFacade: ** view: [supervisor3-49468|3] (4) [supervisor3-49468, supervisor4-26930, supervisor1-48500, linux77-24363]
[06/07/17 02:54:33:033 COT] DEBUG aspects.ProducerAMQ: [Aspectj] Before: Returned or threw an Exception
[06/07/17 02:54:33:033 COT] DEBUG aspects.ProducerAMQ: [Aspectj] After: Returned or threw an Exception
[06/07/17 02:55:10:010 COT] DEBUG jgroups.JGroupsAbstractFacade: ** view: [linux77-58824|0] (1) [linux77-58824]
[06/07/17 02:55:13:013 COT] DEBUG aspects.ProducerAMQ: [Aspectj] Before: Returned or threw an Exception
[06/07/17 02:55:13:013 COT] DEBUG aspects.ProducerAMQ: [Aspectj] After: Returned or threw an Exception
[06/07/17 02:55:13:013 COT] DEBUG jgroups.JGroupsAbstractFacade: ** view: [linux77-58824|1] (2) [linux77-58824, supervisor3-30253]
[06/07/17 02:55:15:015 COT] DEBUG jgroups.JGroupsAbstractFacade: ** view: [linux77-58824|2] (3) [linux77-58824, supervisor3-30253, supervisor4-5429]
[06/07/17 02:55:15:015 COT] DEBUG jgroups.JGroupsAbstractFacade: ** view: [linux77-58824|3] (4) [linux77-58824, supervisor3-30253, supervisor4-5429, supervisor1-28402]
[06/07/17 02:57:40:040 COT] DEBUG jgroups.JGroupsAbstractFacade: ** view: [supervisor3-30253|5] (4) [supervisor3-30253, supervisor4-5429, supervisor1-28402, linux77-41077]
[06/07/17 02:57:40:040 COT] DEBUG aspects.ProducerAMQ: [Aspectj] Before: Returned or threw an Exception
[06/07/17 02:57:40:040 COT] DEBUG aspects.ProducerAMQ: [Aspectj] After: Returned or threw an Exception
[06/07/17 02:58:24:024 COT] DEBUG jgroups.JGroupsAbstractFacade: ** view: [supervisor3-30253|6] (5) [supervisor3-30253, supervisor4-5429, supervisor1-28402, fb2f2aec-1f20-eefe-c337-7f6b076e8d46, linux77-55089]
[06/07/17 02:58:24:024 COT] DEBUG aspects.ProducerAMQ: [Aspectj] Before: Returned or threw an Exception
[06/07/17 02:58:24:024 COT] DEBUG aspects.ProducerAMQ: [Aspectj] After: Returned or threw an Exception
[06/07/17 02:58:29:029 COT] DEBUG jgroups.JGroupsAbstractFacade: ** view: [supervisor3-30253|7] (4) [supervisor3-30253, supervisor4-5429, supervisor1-28402, linux77-55089]
[06/07/17 02:59:30:030 COT] DEBUG jgroups.JGroupsAbstractFacade: ** view: [linux77-55089|8] (1) [linux77-55089]
[06/07/17 02:59:30:030 COT] DEBUG jgroups.JGroupsAbstractFacade: ** view: [linux77-55089|9] (2) [linux77-55089, supervisor1-43026]
[06/07/17 02:59:31:031 COT] DEBUG jgroups.JGroupsAbstractFacade: ** view: [linux77-55089|10] (3) [linux77-55089, supervisor1-43026, supervisor3-21891]
[06/07/17 02:59:33:033 COT] DEBUG jgroups.JGroupsAbstractFacade: ** view: [linux77-55089|11] (4) [linux77-55089, supervisor1-43026, supervisor3-21891, supervisor4-54470]
[06/07/17 03:00:58:058 COT] DEBUG jgroups.JGroupsAbstractFacade: ** view: [supervisor1-43026|13] (4) [supervisor1-43026, supervisor3-21891, supervisor4-54470, linux77-58599]
[06/07/17 03:00:58:058 COT] DEBUG aspects.ProducerAMQ: [Aspectj] Before: Returned or threw an Exception
[06/07/17 03:00:58:058 COT] DEBUG aspects.ProducerAMQ: [Aspectj] After: Returned or threw an Exception
[06/07/17 03:01:12:012 COT] DEBUG jgroups.JGroupsAbstractFacade: ** view: MergeView::[supervisor1-43026|14] (4) [supervisor1-43026, supervisor3-21891, supervisor4-54470, linux77-58599], 2 subgroups: [supervisor1-43026|12] (3) [supervisor1-43026, supervisor3-21891, supervisor4-54470], [supervisor1-43026|13] (4) [supervisor1-43026, supervisor3-21891, supervisor4-54470, linux77-58599]
[06/07/17 03:01:41:041 COT] DEBUG jgroups.JGroupsAbstractFacade: ** view: MergeView::[supervisor1-43026|15] (4) [supervisor1-43026, supervisor3-21891, supervisor4-54470, linux77-58599], 2 subgroups: [supervisor1-43026|12] (3) [supervisor1-43026, supervisor3-21891, supervisor4-54470], [supervisor1-43026|14] (4) [supervisor1-43026, supervisor3-21891, supervisor4-54470, linux77-58599]
[06/07/17 03:02:25:025 COT] DEBUG jgroups.JGroupsAbstractFacade: ** view: [supervisor1-43026|17] (4) [supervisor1-43026, supervisor3-21891, supervisor4-54470, linux77-34396]
[06/07/17 03:02:25:025 COT] DEBUG aspects.ProducerAMQ: [Aspectj] Before: Returned or threw an Exception
[06/07/17 03:02:25:025 COT] DEBUG aspects.ProducerAMQ: [Aspectj] After: Returned or threw an Exception
[06/07/17 03:08:08:008 COT] DEBUG jgroups.JGroupsAbstractFacade: ** view: [linux77-34396|18] (1) [linux77-34396]
[06/07/17 03:08:11:011 COT] DEBUG jgroups.JGroupsAbstractFacade: ** view: [linux77-34396|19] (2) [linux77-34396, supervisor4-8892]
[06/07/17 03:08:28:028 COT] DEBUG jgroups.JGroupsAbstractFacade: ** view: MergeView::[supervisor1-47637|21] (3) [supervisor1-47637, linux77-34396, supervisor4-8892], 2 subgroups: [linux77-34396|19] (2) [linux77-34396, supervisor4-8892], [supervisor1-47637|20] (1) [supervisor1-47637]
[06/07/17 03:08:31:031 COT] DEBUG jgroups.JGroupsAbstractFacade: ** view: [supervisor1-47637|22] (4) [supervisor1-47637, linux77-34396, supervisor4-8892, supervisor3-8160]
[06/07/17 03:11:26:026 COT] DEBUG jgroups.JGroupsAbstractFacade: ** view: [linux77-34396|23] (1) [linux77-34396]
[06/07/17 03:11:28:028 COT] DEBUG jgroups.JGroupsAbstractFacade: ** view: [linux77-34396|24] (2) [linux77-34396, supervisor3-64201]
[06/07/17 03:11:28:028 COT] DEBUG jgroups.JGroupsAbstractFacade: ** view: [linux77-34396|25] (3) [linux77-34396, supervisor3-64201, supervisor1-3005]
[06/07/17 03:11:37:037 COT] DEBUG jgroups.JGroupsAbstractFacade: ** view: [linux77-34396|26] (4) [linux77-34396, supervisor3-64201, supervisor1-3005, supervisor4-50045]
[06/07/17 03:15:28:028 COT] DEBUG jgroups.JGroupsAbstractFacade: ** view: [linux77-34396|27] (3) [linux77-34396, supervisor1-3005, supervisor4-50045]
[06/07/17 03:15:38:038 COT] DEBUG jgroups.JGroupsAbstractFacade: ** view: [linux77-34396|28] (2) [linux77-34396, supervisor4-50045]
[06/07/17 03:15:48:048 COT] DEBUG jgroups.JGroupsAbstractFacade: ** view: [linux77-34396|29] (1) [linux77-34396]
[06/07/17 03:15:51:051 COT] DEBUG jgroups.JGroupsAbstractFacade: ** view: [linux77-34396|30] (2) [linux77-34396, supervisor3-31146]
[06/07/17 03:15:51:051 COT] DEBUG jgroups.JGroupsAbstractFacade: ** view: [linux77-34396|31] (3) [linux77-34396, supervisor3-31146, supervisor1-5848]
[06/07/17 03:15:53:053 COT] DEBUG jgroups.JGroupsAbstractFacade: ** view: [linux77-34396|32] (4) [linux77-34396, supervisor3-31146, supervisor1-5848, supervisor4-32629]
[06/07/17 03:18:03:003 COT] DEBUG jgroups.JGroupsAbstractFacade: ** view: [supervisor3-31146|34] (4) [supervisor3-31146, supervisor1-5848, supervisor4-32629, linux77-42917]
[06/07/17 03:18:03:003 COT] DEBUG aspects.ProducerAMQ: [Aspectj] Before: Returned or threw an Exception
[06/07/17 03:18:03:003 COT] DEBUG aspects.ProducerAMQ: [Aspectj] After: Returned or threw an Exception
[06/07/17 03:18:44:044 COT] DEBUG jgroups.JGroupsAbstractFacade: ** view: [supervisor3-31146|36] (4) [supervisor3-31146, supervisor1-5848, supervisor4-32629, linux77-15958]
[06/07/17 03:18:44:044 COT] DEBUG aspects.ProducerAMQ: [Aspectj] Before: Returned or threw an Exception
[06/07/17 03:18:44:044 COT] DEBUG aspects.ProducerAMQ: [Aspectj] After: Returned or threw an Exception
[06/07/17 03:18:44:044 COT] DEBUG aspects.ProducerAMQ: [Aspectj] Before: Returned or threw an Exception
[06/07/17 03:18:44:044 COT] DEBUG aspects.ProducerAMQ: [Aspectj] After: Returned or threw an Exception
[06/07/17 03:18:44:044 COT] DEBUG aspects.ProducerAMQ: [Aspectj] Before: Returned or threw an Exception
[06/07/17 03:18:44:044 COT] DEBUG aspects.ProducerAMQ: [Aspectj] After: Returned or threw an Exception
[06/07/17 03:18:44:044 COT] DEBUG aspects.ProducerAMQ: [Aspectj] Before: Returned or threw an Exception
[06/07/17 03:18:44:044 COT] DEBUG aspects.ProducerAMQ: [Aspectj] After: Returned or threw an Exception
[06/07/17 03:18:44:044 COT] DEBUG aspects.ProducerAMQ: [Aspectj] Before: Returned or threw an Exception
[06/07/17 03:18:44:044 COT] DEBUG aspects.ProducerAMQ: [Aspectj] After: Returned or threw an Exception
[06/07/17 03:18:44:044 COT] DEBUG aspects.ProducerAMQ: [Aspectj] Before: Returned or threw an Exception
[06/07/17 03:18:44:044 COT] DEBUG aspects.ProducerAMQ: [Aspectj] After: Returned or threw an Exception
[06/07/17 03:18:44:044 COT] DEBUG aspects.ProducerAMQ: [Aspectj] Before: Returned or threw an Exception
[06/07/17 03:18:44:044 COT] DEBUG aspects.ProducerAMQ: [Aspectj] After: Returned or threw an Exception
[06/07/17 03:18:44:044 COT] DEBUG aspects.ProducerAMQ: [Aspectj] Before: Returned or threw an Exception
[06/07/17 03:18:44:044 COT] DEBUG aspects.ProducerAMQ: [Aspectj] After: Returned or threw an Exception
[06/07/17 03:18:44:044 COT] DEBUG aspects.ProducerAMQ: [Aspectj] Before: Returned or threw an Exception
[06/07/17 03:18:44:044 COT] DEBUG aspects.ProducerAMQ: [Aspectj] After: Returned or threw an Exception
[06/07/17 03:18:44:044 COT] DEBUG aspects.ProducerAMQ: [Aspectj] Before: Returned or threw an Exception
[06/07/17 03:18:44:044 COT] DEBUG aspects.ProducerAMQ: [Aspectj] After: Returned or threw an Exception
[06/07/17 03:20:18:018 COT] DEBUG jgroups.JGroupsAbstractFacade: ** view: [supervisor3-31146|37] (5) [supervisor3-31146, supervisor1-5848, supervisor4-32629, 5f14b5cd-7099-5878-cfe5-c1647e881407, linux77-26630]
[06/07/17 03:20:18:018 COT] DEBUG aspects.ProducerAMQ: [Aspectj] Before: Returned or threw an Exception
[06/07/17 03:20:18:018 COT] DEBUG aspects.ProducerAMQ: [Aspectj] After: Returned or threw an Exception
[06/07/17 03:20:18:018 COT] DEBUG aspects.ProducerAMQ: [Aspectj] Before: Returned or threw an Exception
[06/07/17 03:20:18:018 COT] DEBUG aspects.ProducerAMQ: [Aspectj] After: Returned or threw an Exception
[06/07/17 03:20:18:018 COT] DEBUG aspects.ProducerAMQ: [Aspectj] Before: Returned or threw an Exception
[06/07/17 03:20:18:018 COT] DEBUG aspects.ProducerAMQ: [Aspectj] After: Returned or threw an Exception
[06/07/17 03:20:18:018 COT] DEBUG aspects.ProducerAMQ: [Aspectj] Before: Returned or threw an Exception
[06/07/17 03:20:18:018 COT] DEBUG aspects.ProducerAMQ: [Aspectj] After: Returned or threw an Exception
[06/07/17 03:20:18:018 COT] DEBUG aspects.ProducerAMQ: [Aspectj] Before: Returned or threw an Exception
[06/07/17 03:20:18:018 COT] DEBUG aspects.ProducerAMQ: [Aspectj] After: Returned or threw an Exception
[06/07/17 03:20:18:018 COT] DEBUG aspects.ProducerAMQ: [Aspectj] Before: Returned or threw an Exception
[06/07/17 03:20:18:018 COT] DEBUG aspects.ProducerAMQ: [Aspectj] After: Returned or threw an Exception
[06/07/17 03:20:18:018 COT] DEBUG aspects.ProducerAMQ: [Aspectj] Before: Returned or threw an Exception
[06/07/17 03:20:18:018 COT] DEBUG aspects.ProducerAMQ: [Aspectj] After: Returned or threw an Exception
[06/07/17 03:20:18:018 COT] DEBUG aspects.ProducerAMQ: [Aspectj] Before: Returned or threw an Exception
[06/07/17 03:20:18:018 COT] DEBUG aspects.ProducerAMQ: [Aspectj] After: Returned or threw an Exception
[06/07/17 03:20:18:018 COT] DEBUG aspects.ProducerAMQ: [Aspectj] Before: Returned or threw an Exception
[06/07/17 03:20:18:018 COT] DEBUG aspects.ProducerAMQ: [Aspectj] After: Returned or threw an Exception
[06/07/17 03:20:18:018 COT] DEBUG aspects.ProducerAMQ: [Aspectj] Before: Returned or threw an Exception
[06/07/17 03:20:18:018 COT] DEBUG aspects.ProducerAMQ: [Aspectj] After: Returned or threw an Exception
[06/07/17 03:20:25:025 COT] DEBUG jgroups.JGroupsAbstractFacade: ** view: [supervisor3-31146|38] (4) [supervisor3-31146, supervisor1-5848, supervisor4-32629, linux77-26630]
[06/07/17 03:23:24:024 COT] DEBUG jgroups.JGroupsAbstractFacade: ** view: [linux77-26630|39] (1) [linux77-26630]
[06/07/17 03:23:27:027 COT] DEBUG jgroups.JGroupsAbstractFacade: ** view: [linux77-26630|40] (2) [linux77-26630, supervisor3-1163]
[06/07/17 03:23:27:027 COT] DEBUG jgroups.JGroupsAbstractFacade: ** view: [linux77-26630|41] (3) [linux77-26630, supervisor3-1163, supervisor1-10357]
[06/07/17 03:23:29:029 COT] DEBUG jgroups.JGroupsAbstractFacade: ** view: [linux77-26630|42] (6) [linux77-26630, supervisor3-1163, supervisor1-10357, supervisor5-24806, supervisor4-59341, supervisor2-3948]
[06/07/17 03:23:46:046 COT] DEBUG jgroups.JGroupsAbstractFacade: ** view: [linux77-26630|43] (7) [linux77-26630, supervisor3-1163, supervisor1-10357, supervisor5-24806, supervisor4-59341, supervisor2-3948, linux77-51773]
[06/07/17 03:24:05:005 COT] DEBUG jgroups.JGroupsAbstractFacade: ** view: [linux77-26630|44] (6) [linux77-26630, supervisor3-1163, supervisor1-10357, supervisor5-24806, supervisor4-59341, supervisor2-3948]
[06/07/17 03:35:15:015 COT] DEBUG jgroups.JGroupsAbstractFacade: ** view: [supervisor5-31636|3] (6) [supervisor5-31636, supervisor4-8448, supervisor3-5788, supervisor2-8119, supervisor1-64716, linux77-36577]
[06/07/17 03:35:15:015 COT] DEBUG aspects.ProducerAMQ: [Aspectj] Before: Returned or threw an Exception
[06/07/17 03:35:15:015 COT] DEBUG aspects.ProducerAMQ: [Aspectj] After: Returned or threw an Exception
[06/07/17 03:35:15:015 COT] DEBUG aspects.ProducerAMQ: [Aspectj] Before: Returned or threw an Exception
[06/07/17 03:35:15:015 COT] DEBUG aspects.ProducerAMQ: [Aspectj] After: Returned or threw an Exception
[06/07/17 03:35:15:015 COT] DEBUG aspects.ProducerAMQ: [Aspectj] Before: Returned or threw an Exception
[06/07/17 03:35:15:015 COT] DEBUG aspects.ProducerAMQ: [Aspectj] After: Returned or threw an Exception
[06/07/17 03:35:15:015 COT] DEBUG aspects.ProducerAMQ: [Aspectj] Before: Returned or threw an Exception
[06/07/17 03:35:15:015 COT] DEBUG aspects.ProducerAMQ: [Aspectj] After: Returned or threw an Exception
[06/07/17 03:35:15:015 COT] DEBUG aspects.ProducerAMQ: [Aspectj] Before: Returned or threw an Exception
[06/07/17 03:35:15:015 COT] DEBUG aspects.ProducerAMQ: [Aspectj] After: Returned or threw an Exception
[06/07/17 03:35:15:015 COT] DEBUG aspects.ProducerAMQ: [Aspectj] Before: Returned or threw an Exception
[06/07/17 03:35:15:015 COT] DEBUG aspects.ProducerAMQ: [Aspectj] After: Returned or threw an Exception
[06/07/17 03:35:15:015 COT] DEBUG aspects.ProducerAMQ: [Aspectj] Before: Returned or threw an Exception
[06/07/17 03:35:15:015 COT] DEBUG aspects.ProducerAMQ: [Aspectj] After: Returned or threw an Exception
[06/07/17 03:35:15:015 COT] DEBUG aspects.ProducerAMQ: [Aspectj] Before: Returned or threw an Exception
[06/07/17 03:35:15:015 COT] DEBUG aspects.ProducerAMQ: [Aspectj] After: Returned or threw an Exception
[06/07/17 03:35:15:015 COT] DEBUG aspects.ProducerAMQ: [Aspectj] Before: Returned or threw an Exception
[06/07/17 03:35:15:015 COT] DEBUG aspects.ProducerAMQ: [Aspectj] After: Returned or threw an Exception
[06/07/17 03:35:15:015 COT] DEBUG aspects.ProducerAMQ: [Aspectj] Before: Returned or threw an Exception
[06/07/17 03:35:15:015 COT] DEBUG aspects.ProducerAMQ: [Aspectj] After: Returned or threw an Exception
[06/07/17 04:40:00:000 COT] DEBUG jgroups.JGroupsAbstractFacade: ** view: [linux77-64869|0] (1) [linux77-64869]
[06/07/17 04:40:02:002 COT] DEBUG aspects.ProducerAMQ: [Aspectj] Before: Returned or threw an Exception
[06/07/17 04:40:02:002 COT] DEBUG aspects.ProducerAMQ: [Aspectj] After: Returned or threw an Exception
[06/07/17 04:40:02:002 COT] DEBUG aspects.ProducerAMQ: [Aspectj] Before: Returned or threw an Exception
[06/07/17 04:40:02:002 COT] DEBUG aspects.ProducerAMQ: [Aspectj] After: Returned or threw an Exception
[06/07/17 04:40:02:002 COT] DEBUG aspects.ProducerAMQ: [Aspectj] Before: Returned or threw an Exception
[06/07/17 04:40:02:002 COT] DEBUG aspects.ProducerAMQ: [Aspectj] After: Returned or threw an Exception
[06/07/17 04:40:02:002 COT] DEBUG aspects.ProducerAMQ: [Aspectj] Before: Returned or threw an Exception
[06/07/17 04:40:02:002 COT] DEBUG aspects.ProducerAMQ: [Aspectj] After: Returned or threw an Exception
[06/07/17 04:40:02:002 COT] DEBUG aspects.ProducerAMQ: [Aspectj] Before: Returned or threw an Exception
[06/07/17 04:40:02:002 COT] DEBUG aspects.ProducerAMQ: [Aspectj] After: Returned or threw an Exception
[06/07/17 04:40:02:002 COT] DEBUG aspects.ProducerAMQ: [Aspectj] Before: Returned or threw an Exception
[06/07/17 04:40:02:002 COT] DEBUG aspects.ProducerAMQ: [Aspectj] After: Returned or threw an Exception
[06/07/17 04:40:02:002 COT] DEBUG aspects.ProducerAMQ: [Aspectj] Before: Returned or threw an Exception
[06/07/17 04:40:02:002 COT] DEBUG aspects.ProducerAMQ: [Aspectj] After: Returned or threw an Exception
[06/07/17 04:40:02:002 COT] DEBUG aspects.ProducerAMQ: [Aspectj] Before: Returned or threw an Exception
[06/07/17 04:40:02:002 COT] DEBUG aspects.ProducerAMQ: [Aspectj] After: Returned or threw an Exception
[06/07/17 04:40:02:002 COT] DEBUG aspects.ProducerAMQ: [Aspectj] Before: Returned or threw an Exception
[06/07/17 04:40:02:002 COT] DEBUG aspects.ProducerAMQ: [Aspectj] After: Returned or threw an Exception
[06/07/17 04:40:02:002 COT] DEBUG aspects.ProducerAMQ: [Aspectj] Before: Returned or threw an Exception
[06/07/17 04:40:02:002 COT] DEBUG aspects.ProducerAMQ: [Aspectj] After: Returned or threw an Exception
[06/07/17 04:40:29:029 COT] DEBUG jgroups.JGroupsAbstractFacade: ** view: [linux77-64869|1] (2) [linux77-64869, linux77-11319]
[06/07/17 04:46:18:018 COT] DEBUG jgroups.JGroupsAbstractFacade: ** view: [linux77-11319|3] (2) [linux77-11319, linux77-43754]
[06/07/17 04:46:18:018 COT] DEBUG aspects.ProducerAMQ: [Aspectj] Before: Returned or threw an Exception
[06/07/17 04:46:18:018 COT] DEBUG aspects.ProducerAMQ: [Aspectj] After: Returned or threw an Exception
[06/07/17 04:49:15:015 COT] DEBUG jgroups.JGroupsAbstractFacade: ** view: [linux77-43754|4] (1) [linux77-43754]
[06/07/17 04:52:48:048 COT] DEBUG jgroups.JGroupsAbstractFacade: ** view: [linux77-43754|5] (2) [linux77-43754, linux77-7190]
[06/07/17 06:11:41:041 COT] DEBUG jgroups.JGroupsAbstractFacade: ** view: [linux77-7190|11] (6) [linux77-7190, linux77-52905, linux77-38496, linux77-39949, linux77-7216, linux77-38262]
[06/07/17 06:11:41:041 COT] DEBUG aspects.ProducerAMQ: [Aspectj] Before: Returned or threw an Exception
[06/07/17 06:11:41:041 COT] DEBUG aspects.ProducerAMQ: [Aspectj] After: Returned or threw an Exception
[06/07/17 06:39:28:028 COT] DEBUG jgroups.JGroupsAbstractFacade: ** view: [linux77-47838|0] (1) [linux77-47838]
[06/07/17 06:39:30:030 COT] DEBUG aspects.ProducerAMQ: [Aspectj] Before: Returned or threw an Exception
[06/07/17 06:39:30:030 COT] DEBUG aspects.ProducerAMQ: [Aspectj] After: Returned or threw an Exception
[06/07/17 06:40:48:048 COT] DEBUG jgroups.JGroupsAbstractFacade: ** view: [linux77-45060|0] (1) [linux77-45060]
[06/07/17 06:40:50:050 COT] DEBUG aspects.ProducerAMQ: [Aspectj] Before: Returned or threw an Exception
[06/07/17 06:40:50:050 COT] DEBUG aspects.ProducerAMQ: [Aspectj] After: Returned or threw an Exception
[06/07/17 06:42:18:018 COT] DEBUG jgroups.JGroupsAbstractFacade: ** view: [linux77-26523|0] (1) [linux77-26523]
[06/07/17 06:42:20:020 COT] DEBUG aspects.ProducerAMQ: [Aspectj] Before: Returned or threw an Exception
[06/07/17 06:42:20:020 COT] DEBUG aspects.ProducerAMQ: [Aspectj] After: Returned or threw an Exception
[06/07/17 06:45:03:003 COT] DEBUG jgroups.JGroupsAbstractFacade: ** view: [linux77-59937|0] (1) [linux77-59937]
[06/07/17 06:45:05:005 COT] DEBUG aspects.ProducerAMQ: [Aspectj] Before: Returned or threw an Exception
[06/07/17 06:45:05:005 COT] DEBUG aspects.ProducerAMQ: [Aspectj] After: Returned or threw an Exception
[07/07/17 01:08:51:051 COT] DEBUG jgroups.JGroupsAbstractFacade: ** view: [linux77-431|0] (1) [linux77-431]
[07/07/17 01:08:53:053 COT] DEBUG aspects.ProducerAMQ: [Aspectj] Before: Returned or threw an Exception
[07/07/17 01:08:53:053 COT] DEBUG aspects.ProducerAMQ: [Aspectj] After: Returned or threw an Exception
[07/07/17 01:14:21:021 COT] DEBUG jgroups.JGroupsAbstractFacade: ** view: [linux77-53086|0] (1) [linux77-53086]
[07/07/17 01:14:23:023 COT] DEBUG aspects.ProducerAMQ: [Aspectj] Before: Returned or threw an Exception
[07/07/17 01:14:23:023 COT] DEBUG aspects.ProducerAMQ: [Aspectj] After: Returned or threw an Exception
[07/07/17 01:15:23:023 COT] DEBUG jgroups.JGroupsAbstractFacade: ** view: [linux77-9344|0] (1) [linux77-9344]
[07/07/17 01:15:25:025 COT] DEBUG aspects.ProducerAMQ: [Aspectj] Before: Event not recognized by the automaton
[07/07/17 01:15:25:025 COT] DEBUG aspects.ProducerAMQ: [Aspectj] After: Returned or threw an Exception
[07/07/17 01:17:19:019 COT] DEBUG jgroups.JGroupsAbstractFacade: ** view: [linux77-18259|0] (1) [linux77-18259]
[07/07/17 01:17:21:021 COT] DEBUG aspects.ProducerAMQ: [Aspectj] Before: Returned or threw an Exception
[07/07/17 01:17:21:021 COT] DEBUG aspects.ProducerAMQ: [Aspectj] After: Returned or threw an Exception
[07/07/17 01:18:16:016 COT] DEBUG jgroups.JGroupsAbstractFacade: ** view: [linux77-18259|1] (2) [linux77-18259, linux77-63528]
[07/07/17 01:18:16:016 COT] DEBUG jgroups.JGroupsAbstractFacade: ** view: [linux77-18259|1] (2) [linux77-18259, linux77-63528]
[07/07/17 01:18:17:017 COT] DEBUG aspects.ProducerAMQ: [Aspectj] Before: Event not recognized by the automaton
[07/07/17 01:18:17:017 COT] DEBUG aspects.ProducerAMQ: [Aspectj] After: Returned or threw an Exception
[07/07/17 01:19:56:056 COT] DEBUG jgroups.JGroupsAbstractFacade: ** view: [linux77-18259|2] (1) [linux77-18259]
[07/07/17 01:21:46:046 COT] DEBUG jgroups.JGroupsAbstractFacade: ** view: [linux77-35983|0] (1) [linux77-35983]
[07/07/17 01:21:48:048 COT] DEBUG aspects.ProducerAMQ: [Aspectj] Before: Returned or threw an Exception
[07/07/17 01:21:48:048 COT] DEBUG aspects.ProducerAMQ: [Aspectj] After: Returned or threw an Exception
[07/07/17 01:22:27:027 COT] DEBUG jgroups.JGroupsAbstractFacade: ** view: [linux77-26636|0] (1) [linux77-26636]
[07/07/17 01:22:29:029 COT] DEBUG aspects.ProducerAMQ: [Aspectj] Before: Event not recognized by the automaton
[07/07/17 01:22:29:029 COT] DEBUG aspects.ProducerAMQ: [Aspectj] After: Returned or threw an Exception
[07/07/17 01:24:47:047 COT] DEBUG jgroups.JGroupsAbstractFacade: ** view: [linux77-55379|0] (1) [linux77-55379]
[07/07/17 01:24:49:049 COT] DEBUG aspects.ProducerAMQ: [Aspectj] Before: Event not recognized by the automaton
[07/07/17 01:24:49:049 COT] DEBUG aspects.ProducerAMQ: [Aspectj] After: Returned or threw an Exception
[07/07/17 01:57:25:025 COT] DEBUG jgroups.JGroupsAbstractFacade: ** view: [linux77-32751|0] (1) [linux77-32751]
[07/07/17 01:57:27:027 COT] DEBUG aspects.ProducerAMQ: [Aspectj] Before: Event not recognized by the automaton
[07/07/17 01:57:27:027 COT] DEBUG aspects.ProducerAMQ: [Aspectj] After: Returned or threw an Exception
[07/07/17 01:58:00:000 COT] DEBUG jgroups.JGroupsAbstractFacade: ** view: MergeView::[linux77-32751|1] (2) [linux77-32751, nimbus-5803], 2 subgroups: [linux77-32751|0] (1) [linux77-32751], [nimbus-5803|0] (1) [nimbus-5803]
[07/07/17 01:59:40:040 COT] DEBUG jgroups.JGroupsAbstractFacade: ** view: [linux77-32751|2] (3) [linux77-32751, nimbus-5803, nimbus-38712]
[07/07/17 02:07:42:042 COT] DEBUG jgroups.JGroupsAbstractFacade: ** view: [nimbus-28836|1] (2) [nimbus-28836, linux77-40279]
[07/07/17 02:07:42:042 COT] DEBUG aspects.ProducerAMQ: [Aspectj] Before: Returned or threw an Exception
[07/07/17 02:07:42:042 COT] DEBUG aspects.ProducerAMQ: [Aspectj] After: Returned or threw an Exception
[07/07/17 02:08:14:014 COT] DEBUG jgroups.JGroupsAbstractFacade: ** view: [nimbus-15205|1] (2) [nimbus-15205, linux77-47812]
[07/07/17 02:08:14:014 COT] DEBUG aspects.ProducerAMQ: [Aspectj] Before: Event not recognized by the automaton
[07/07/17 02:08:14:014 COT] DEBUG aspects.ProducerAMQ: [Aspectj] After: Returned or threw an Exception
[07/07/17 02:08:26:026 COT] DEBUG jgroups.JGroupsAbstractFacade: ** view: [linux77-47812|2] (1) [linux77-47812]
[07/07/17 02:10:08:008 COT] DEBUG jgroups.JGroupsAbstractFacade: ** view: [nimbus-44952|1] (2) [nimbus-44952, linux77-39533]
[07/07/17 02:10:09:009 COT] DEBUG aspects.ProducerAMQ: [Aspectj] Before: Returned or threw an Exception
[07/07/17 02:10:09:009 COT] DEBUG aspects.ProducerAMQ: [Aspectj] After: Returned or threw an Exception
[07/07/17 02:11:04:004 COT] DEBUG jgroups.JGroupsAbstractFacade: ** view: [linux77-39533|2] (1) [linux77-39533]
[07/07/17 02:11:29:029 COT] DEBUG jgroups.JGroupsAbstractFacade: ** view: MergeView::[nimbus-28591|4] (2) [nimbus-28591, linux77-39533], 2 subgroups: [linux77-39533|2] (1) [linux77-39533], [nimbus-28591|3] (1) [nimbus-28591]
[07/07/17 02:13:33:033 COT] DEBUG jgroups.JGroupsAbstractFacade: ** view: [linux77-47429|0] (1) [linux77-47429]
[07/07/17 02:13:35:035 COT] DEBUG aspects.ProducerAMQ: [Aspectj] Before: Event not recognized by the automaton
[07/07/17 02:13:35:035 COT] DEBUG aspects.ProducerAMQ: [Aspectj] After: Returned or threw an Exception
[07/07/17 02:13:56:056 COT] DEBUG jgroups.JGroupsAbstractFacade: ** view: [nimbus-2829|1] (2) [nimbus-2829, linux77-10315]
[07/07/17 02:13:56:056 COT] DEBUG aspects.ProducerAMQ: [Aspectj] Before: Event not recognized by the automaton
[07/07/17 02:13:56:056 COT] DEBUG aspects.ProducerAMQ: [Aspectj] After: Returned or threw an Exception
[07/07/17 02:31:17:017 COT] DEBUG jgroups.JGroupsAbstractFacade: ** view: [linux77-7187|0] (1) [linux77-7187]
[07/07/17 02:31:19:019 COT] DEBUG aspects.ProducerAMQ: [Aspectj] Before: Returned or threw an Exception
[07/07/17 02:31:19:019 COT] DEBUG aspects.ProducerAMQ: [Aspectj] After: Returned or threw an Exception
[07/07/17 02:33:02:002 COT] DEBUG jgroups.JGroupsAbstractFacade: ** view: [linux77-53749|0] (1) [linux77-53749]
[07/07/17 02:33:04:004 COT] DEBUG aspects.ProducerAMQ: [Aspectj] Before: Event not recognized by the automaton
[07/07/17 02:33:04:004 COT] DEBUG aspects.ProducerAMQ: [Aspectj] After: Returned or threw an Exception
[07/07/17 02:37:40:040 COT] DEBUG jgroups.JGroupsAbstractFacade: ** view: [linux77-61240|0] (1) [linux77-61240]
[07/07/17 02:37:42:042 COT] DEBUG aspects.ProducerAMQ: [Aspectj] Before: Returned or threw an Exception
[07/07/17 02:37:42:042 COT] DEBUG aspects.ProducerAMQ: [Aspectj] After: Returned or threw an Exception
[07/07/17 02:40:10:010 COT] DEBUG jgroups.JGroupsAbstractFacade: ** view: [linux77-51441|0] (1) [linux77-51441]
[07/07/17 02:40:12:012 COT] DEBUG aspects.ProducerAMQ: [Aspectj] Before: Returned or threw an Exception
[07/07/17 02:40:12:012 COT] DEBUG aspects.ProducerAMQ: [Aspectj] After: Returned or threw an Exception
[07/07/17 03:52:46:046 COT] DEBUG jgroups.JGroupsAbstractFacade: ** view: [linux77-63733|0] (1) [linux77-63733]
[07/07/17 03:52:48:048 COT] DEBUG jgroups.JGroupsAbstractFacade: ** view: [linux77-63733|1] (2) [linux77-63733, linux77-65349]
[07/07/17 03:52:48:048 COT] DEBUG jgroups.JGroupsAbstractFacade: ** view: [linux77-63733|1] (2) [linux77-63733, linux77-65349]
[07/07/17 03:52:50:050 COT] DEBUG aspects.ProducerAMQ: [Aspectj] Before: Event not recognized by the automaton
[07/07/17 03:52:50:050 COT] DEBUG aspects.ProducerAMQ: [Aspectj] After: Returned or threw an Exception
[07/07/17 03:52:51:051 COT] DEBUG aspects.ProducerAMQ: [Aspectj] Before: Event not recognized by the automaton
[07/07/17 03:52:51:051 COT] DEBUG aspects.ProducerAMQ: [Aspectj] After: Returned or threw an Exception
[07/07/17 03:52:57:057 COT] DEBUG jgroups.JGroupsAbstractFacade: ** view: [linux77-63733|2] (3) [linux77-63733, linux77-65349, linux77-29037]
[07/07/17 03:52:57:057 COT] DEBUG jgroups.JGroupsAbstractFacade: ** view: [linux77-63733|2] (3) [linux77-63733, linux77-65349, linux77-29037]
[07/07/17 03:52:57:057 COT] DEBUG jgroups.JGroupsAbstractFacade: ** view: [linux77-63733|2] (3) [linux77-63733, linux77-65349, linux77-29037]
[07/07/17 03:52:57:057 COT] DEBUG aspects.ProducerAMQ: [Aspectj] Before: Returned or threw an Exception
[07/07/17 03:52:57:057 COT] DEBUG aspects.ProducerAMQ: [Aspectj] After: Returned or threw an Exception
[07/07/17 03:56:22:022 COT] DEBUG jgroups.JGroupsAbstractFacade: ** view: [linux77-12216|0] (1) [linux77-12216]
[07/07/17 03:56:24:024 COT] DEBUG aspects.ProducerAMQ: [Aspectj] Before: Event not recognized by the automaton
[07/07/17 03:56:24:024 COT] DEBUG aspects.ProducerAMQ: [Aspectj] After: Returned or threw an Exception
[07/07/17 03:56:27:027 COT] DEBUG jgroups.JGroupsAbstractFacade: ** view: [linux77-12216|1] (2) [linux77-12216, linux77-60407]
[07/07/17 03:56:27:027 COT] DEBUG jgroups.JGroupsAbstractFacade: ** view: [linux77-12216|1] (2) [linux77-12216, linux77-60407]
[07/07/17 03:56:27:027 COT] DEBUG aspects.ProducerAMQ: [Aspectj] Before: Event not recognized by the automaton
[07/07/17 03:56:27:027 COT] DEBUG aspects.ProducerAMQ: [Aspectj] After: Returned or threw an Exception
[07/07/17 03:56:34:034 COT] DEBUG jgroups.JGroupsAbstractFacade: ** view: [linux77-12216|2] (3) [linux77-12216, linux77-60407, linux77-40436]
[07/07/17 03:56:34:034 COT] DEBUG jgroups.JGroupsAbstractFacade: ** view: [linux77-12216|2] (3) [linux77-12216, linux77-60407, linux77-40436]
[07/07/17 03:56:39:039 COT] DEBUG jgroups.JGroupsAbstractFacade: ** view: [linux77-12216|2] (3) [linux77-12216, linux77-60407, linux77-40436]
[07/07/17 03:56:39:039 COT] DEBUG aspects.ProducerAMQ: [Aspectj] Before: Returned or threw an Exception
[07/07/17 03:56:39:039 COT] DEBUG aspects.ProducerAMQ: [Aspectj] After: Returned or threw an Exception
[07/07/17 03:56:51:051 COT] DEBUG jgroups.JGroupsAbstractFacade: ** view: [linux77-12216|3] (2) [linux77-12216, linux77-60407]
[07/07/17 03:56:51:051 COT] DEBUG jgroups.JGroupsAbstractFacade: ** view: [linux77-12216|3] (2) [linux77-12216, linux77-60407]
[07/07/17 03:57:02:002 COT] DEBUG jgroups.JGroupsAbstractFacade: ** view: [linux77-12216|4] (3) [linux77-12216, linux77-60407, linux77-54431]
[07/07/17 03:57:02:002 COT] DEBUG jgroups.JGroupsAbstractFacade: ** view: [linux77-12216|4] (3) [linux77-12216, linux77-60407, linux77-54431]
[07/07/17 03:57:02:002 COT] DEBUG jgroups.JGroupsAbstractFacade: ** view: [linux77-12216|4] (3) [linux77-12216, linux77-60407, linux77-54431]
[07/07/17 03:57:02:002 COT] DEBUG aspects.ProducerAMQ: [Aspectj] Before: Returned or threw an Exception
[07/07/17 03:57:02:002 COT] DEBUG aspects.ProducerAMQ: [Aspectj] After: Returned or threw an Exception
[07/07/17 03:57:15:015 COT] DEBUG jgroups.JGroupsAbstractFacade: ** view: [linux77-12216|5] (2) [linux77-12216, linux77-60407]
[07/07/17 03:57:15:015 COT] DEBUG jgroups.JGroupsAbstractFacade: ** view: [linux77-12216|5] (2) [linux77-12216, linux77-60407]
[07/07/17 04:01:05:005 COT] DEBUG jgroups.JGroupsAbstractFacade: ** view: [linux77-11434|0] (1) [linux77-11434]
[07/07/17 04:01:06:006 COT] DEBUG jgroups.JGroupsAbstractFacade: ** view: [linux77-11434|1] (2) [linux77-11434, linux77-3962]
[07/07/17 04:01:06:006 COT] DEBUG jgroups.JGroupsAbstractFacade: ** view: [linux77-11434|1] (2) [linux77-11434, linux77-3962]
[07/07/17 04:01:07:007 COT] DEBUG aspects.ProducerAMQ: [Aspectj] Before: Event not recognized by the automaton
[07/07/17 04:01:07:007 COT] DEBUG aspects.ProducerAMQ: [Aspectj] After: Returned or threw an Exception
[07/07/17 04:01:11:011 COT] DEBUG aspects.ProducerAMQ: [Aspectj] Before: Event not recognized by the automaton
[07/07/17 04:01:11:011 COT] DEBUG aspects.ProducerAMQ: [Aspectj] After: Returned or threw an Exception
[07/07/17 04:01:21:021 COT] DEBUG jgroups.JGroupsAbstractFacade: ** view: [linux77-49351|0] (1) [linux77-49351]
[07/07/17 04:01:22:022 COT] DEBUG jgroups.JGroupsAbstractFacade: ** view: [linux77-49351|1] (2) [linux77-49351, nimbus-36115]
[07/07/17 04:01:26:026 COT] DEBUG aspects.ProducerAMQ: [Aspectj] Before: Returned or threw an Exception
[07/07/17 04:01:26:026 COT] DEBUG aspects.ProducerAMQ: [Aspectj] After: Returned or threw an Exception
[07/07/17 04:02:29:029 COT] DEBUG jgroups.JGroupsAbstractFacade: ** view: [nimbus-36115|3] (2) [nimbus-36115, linux77-54042]
[07/07/17 04:02:29:029 COT] DEBUG aspects.ProducerAMQ: [Aspectj] Before: Event not recognized by the automaton
[07/07/17 04:02:29:029 COT] DEBUG aspects.ProducerAMQ: [Aspectj] After: Returned or threw an Exception
[07/07/17 04:04:47:047 COT] DEBUG jgroups.JGroupsAbstractFacade: ** view: [nimbus-36115|4] (3) [nimbus-36115, linux77-54042, linux77-26654]
[07/07/17 04:04:47:047 COT] DEBUG jgroups.JGroupsAbstractFacade: ** view: [nimbus-36115|4] (3) [nimbus-36115, linux77-54042, linux77-26654]
[07/07/17 04:04:47:047 COT] DEBUG aspects.ProducerAMQ: [Aspectj] Before: Event not recognized by the automaton
[07/07/17 04:04:47:047 COT] DEBUG aspects.ProducerAMQ: [Aspectj] After: Returned or threw an Exception
[07/07/17 04:05:03:003 COT] DEBUG jgroups.JGroupsAbstractFacade: ** view: [nimbus-36115|5] (4) [nimbus-36115, linux77-54042, linux77-26654, linux77-2239]
[07/07/17 04:05:03:003 COT] DEBUG jgroups.JGroupsAbstractFacade: ** view: [nimbus-36115|5] (4) [nimbus-36115, linux77-54042, linux77-26654, linux77-2239]
[07/07/17 04:05:05:005 COT] DEBUG jgroups.JGroupsAbstractFacade: ** view: [nimbus-36115|5] (4) [nimbus-36115, linux77-54042, linux77-26654, linux77-2239]
[07/07/17 04:05:05:005 COT] DEBUG aspects.ProducerAMQ: [Aspectj] Before: Returned or threw an Exception
[07/07/17 04:05:05:005 COT] DEBUG aspects.ProducerAMQ: [Aspectj] After: Returned or threw an Exception
[07/07/17 04:05:17:017 COT] DEBUG jgroups.JGroupsAbstractFacade: ** view: [nimbus-36115|6] (3) [nimbus-36115, linux77-54042, linux77-26654]
[07/07/17 04:05:17:017 COT] DEBUG jgroups.JGroupsAbstractFacade: ** view: [nimbus-36115|6] (3) [nimbus-36115, linux77-54042, linux77-26654]
[07/07/17 04:05:35:035 COT] DEBUG jgroups.JGroupsAbstractFacade: ** view: [linux77-54042|7] (2) [linux77-54042, linux77-26654]
[07/07/17 04:05:35:035 COT] DEBUG jgroups.JGroupsAbstractFacade: ** view: [linux77-54042|7] (2) [linux77-54042, linux77-26654]
[07/07/17 04:05:46:046 COT] DEBUG jgroups.JGroupsAbstractFacade: ** view: [nimbus-7015|1] (2) [nimbus-7015, linux77-22861]
[07/07/17 04:05:48:048 COT] DEBUG aspects.ProducerAMQ: [Aspectj] Before: Event not recognized by the automaton
[07/07/17 04:05:48:048 COT] DEBUG aspects.ProducerAMQ: [Aspectj] After: Returned or threw an Exception
[07/07/17 04:05:53:053 COT] DEBUG jgroups.JGroupsAbstractFacade: ** view: [nimbus-7015|2] (3) [nimbus-7015, linux77-22861, linux77-31180]
[07/07/17 04:05:53:053 COT] DEBUG jgroups.JGroupsAbstractFacade: ** view: [nimbus-7015|2] (3) [nimbus-7015, linux77-22861, linux77-31180]
[07/07/17 04:05:55:055 COT] DEBUG aspects.ProducerAMQ: [Aspectj] Before: Event not recognized by the automaton
[07/07/17 04:05:55:055 COT] DEBUG aspects.ProducerAMQ: [Aspectj] After: Returned or threw an Exception
[07/07/17 04:06:22:022 COT] DEBUG jgroups.JGroupsAbstractFacade: ** view: [nimbus-7015|3] (4) [nimbus-7015, linux77-22861, linux77-31180, linux77-36647]
[07/07/17 04:06:22:022 COT] DEBUG jgroups.JGroupsAbstractFacade: ** view: [nimbus-7015|3] (4) [nimbus-7015, linux77-22861, linux77-31180, linux77-36647]
[07/07/17 04:06:24:024 COT] DEBUG jgroups.JGroupsAbstractFacade: ** view: [nimbus-7015|3] (4) [nimbus-7015, linux77-22861, linux77-31180, linux77-36647]
[07/07/17 04:06:24:024 COT] DEBUG aspects.ProducerAMQ: [Aspectj] Before: Returned or threw an Exception
[07/07/17 04:06:24:024 COT] DEBUG aspects.ProducerAMQ: [Aspectj] After: Returned or threw an Exception
[07/07/17 04:06:35:035 COT] DEBUG jgroups.JGroupsAbstractFacade: ** view: [nimbus-7015|4] (3) [nimbus-7015, linux77-22861, linux77-31180]
[07/07/17 04:06:35:035 COT] DEBUG jgroups.JGroupsAbstractFacade: ** view: [nimbus-7015|4] (3) [nimbus-7015, linux77-22861, linux77-31180]
[07/07/17 04:12:04:004 COT] DEBUG jgroups.JGroupsAbstractFacade: ** view: [nimbus-45259|1] (2) [nimbus-45259, linux77-8941]
[07/07/17 04:12:04:004 COT] DEBUG aspects.ProducerAMQ: [Aspectj] Before: Event not recognized by the automaton
[07/07/17 04:12:04:004 COT] DEBUG aspects.ProducerAMQ: [Aspectj] After: Returned or threw an Exception
[07/07/17 04:12:10:010 COT] DEBUG jgroups.JGroupsAbstractFacade: ** view: [nimbus-45259|2] (3) [nimbus-45259, linux77-8941, linux77-51566]
[07/07/17 04:12:10:010 COT] DEBUG jgroups.JGroupsAbstractFacade: ** view: [nimbus-45259|2] (3) [nimbus-45259, linux77-8941, linux77-51566]
[07/07/17 04:12:10:010 COT] DEBUG aspects.ProducerAMQ: [Aspectj] Before: Event not recognized by the automaton
[07/07/17 04:12:10:010 COT] DEBUG aspects.ProducerAMQ: [Aspectj] After: Returned or threw an Exception
[07/07/17 04:12:17:017 COT] DEBUG jgroups.JGroupsAbstractFacade: ** view: [nimbus-45259|3] (4) [nimbus-45259, linux77-8941, linux77-51566, linux77-47613]
[07/07/17 04:12:17:017 COT] DEBUG jgroups.JGroupsAbstractFacade: ** view: [nimbus-45259|3] (4) [nimbus-45259, linux77-8941, linux77-51566, linux77-47613]
[07/07/17 04:12:17:017 COT] DEBUG jgroups.JGroupsAbstractFacade: ** view: [nimbus-45259|3] (4) [nimbus-45259, linux77-8941, linux77-51566, linux77-47613]
[07/07/17 04:12:17:017 COT] DEBUG aspects.ProducerAMQ: [Aspectj] Before: Returned or threw an Exception
[07/07/17 04:12:17:017 COT] DEBUG aspects.ProducerAMQ: [Aspectj] After: Returned or threw an Exception
[07/07/17 04:12:30:030 COT] DEBUG jgroups.JGroupsAbstractFacade: ** view: [nimbus-45259|4] (3) [nimbus-45259, linux77-8941, linux77-51566]
[07/07/17 04:12:30:030 COT] DEBUG jgroups.JGroupsAbstractFacade: ** view: [nimbus-45259|4] (3) [nimbus-45259, linux77-8941, linux77-51566]
[07/07/17 04:13:18:018 COT] DEBUG jgroups.JGroupsAbstractFacade: ** view: [linux77-8941|5] (2) [linux77-8941, linux77-51566]
[07/07/17 04:13:18:018 COT] DEBUG jgroups.JGroupsAbstractFacade: ** view: [linux77-8941|5] (2) [linux77-8941, linux77-51566]
[07/07/17 04:14:13:013 COT] DEBUG jgroups.JGroupsAbstractFacade: ** view: [nimbus-34688|1] (2) [nimbus-34688, linux77-54728]
[07/07/17 04:14:14:014 COT] DEBUG aspects.ProducerAMQ: [Aspectj] Before: Event not recognized by the automaton
[07/07/17 04:14:14:014 COT] DEBUG aspects.ProducerAMQ: [Aspectj] After: Returned or threw an Exception
[07/07/17 04:14:19:019 COT] DEBUG jgroups.JGroupsAbstractFacade: ** view: [nimbus-34688|2] (3) [nimbus-34688, linux77-54728, linux77-1454]
[07/07/17 04:14:19:019 COT] DEBUG jgroups.JGroupsAbstractFacade: ** view: [nimbus-34688|2] (3) [nimbus-34688, linux77-54728, linux77-1454]
[07/07/17 04:14:19:019 COT] DEBUG aspects.ProducerAMQ: [Aspectj] Before: Event not recognized by the automaton
[07/07/17 04:14:19:019 COT] DEBUG aspects.ProducerAMQ: [Aspectj] After: Returned or threw an Exception
[07/07/17 04:14:44:044 COT] DEBUG jgroups.JGroupsAbstractFacade: ** view: [linux77-54728|3] (2) [linux77-54728, linux77-1454]
[07/07/17 04:14:44:044 COT] DEBUG jgroups.JGroupsAbstractFacade: ** view: [linux77-54728|3] (2) [linux77-54728, linux77-1454]
[07/07/17 04:14:45:045 COT] DEBUG jgroups.JGroupsAbstractFacade: ** view: [linux77-54728|4] (3) [linux77-54728, linux77-1454, nimbus-40968]
[07/07/17 04:14:45:045 COT] DEBUG jgroups.JGroupsAbstractFacade: ** view: [linux77-54728|4] (3) [linux77-54728, linux77-1454, nimbus-40968]
[07/07/17 04:14:46:046 COT] DEBUG jgroups.JGroupsAbstractFacade: ** view: [linux77-25068|0] (1) [linux77-25068]
[07/07/17 04:14:46:046 COT] DEBUG aspects.ProducerAMQ: [Aspectj] Before: Returned or threw an Exception
[07/07/17 04:14:46:046 COT] DEBUG aspects.ProducerAMQ: [Aspectj] After: Returned or threw an Exception
