[17/07/17 03:38:00:000 COT] DEBUG aspects.ProducerConsumer: [Aspectj] After: Returned or threw an Exception
[17/07/17 03:38:00:000 COT] DEBUG aspects.ProducerConsumer: [Aspectj] Before: Event not recognized by the automaton
[17/07/17 03:38:00:000 COT] DEBUG aspects.ProducerConsumer: [Aspectj] After: Returned or threw an Exception
[17/07/17 03:38:00:000 COT] DEBUG aspects.ProducerConsumer: [Aspectj] Before: Event not recognized by the automaton
[17/07/17 03:38:00:000 COT] DEBUG aspects.ProducerConsumer: [Aspectj] After: Returned or threw an Exception
[17/07/17 03:38:00:000 COT] DEBUG aspects.ProducerConsumer: [Aspectj] Before: Event not recognized by the automaton
[17/07/17 03:38:00:000 COT] DEBUG aspects.ProducerConsumer: [Aspectj] After: Returned or threw an Exception
[17/07/17 03:38:00:000 COT] DEBUG aspects.ProducerConsumer: [Aspectj] Before: Event not recognized by the automaton
[17/07/17 03:38:00:000 COT] DEBUG aspects.ProducerConsumer: [Aspectj] After: Returned or threw an Exception
[17/07/17 03:38:00:000 COT] DEBUG aspects.ProducerConsumer: [Aspectj] Before: Event not recognized by the automaton
[17/07/17 03:38:00:000 COT] DEBUG aspects.ProducerConsumer: [Aspectj] After: Returned or threw an Exception
[17/07/17 03:38:00:000 COT] DEBUG aspects.ProducerConsumer: [Aspectj] Before: Event not recognized by the automaton
[17/07/17 03:38:00:000 COT] DEBUG aspects.ProducerConsumer: [Aspectj] After: Returned or threw an Exception
[17/07/17 03:38:00:000 COT] DEBUG aspects.ProducerConsumer: [Aspectj] Before: Event not recognized by the automaton
[17/07/17 03:38:00:000 COT] DEBUG aspects.ProducerConsumer: [Aspectj] After: Returned or threw an Exception
[17/07/17 03:38:00:000 COT] DEBUG aspects.ProducerConsumer: [Aspectj] Before: Event not recognized by the automaton
[17/07/17 03:38:00:000 COT] DEBUG aspects.ProducerConsumer: [Aspectj] After: Returned or threw an Exception
[17/07/17 03:38:00:000 COT] DEBUG aspects.ProducerConsumer: [Aspectj] Before: Event not recognized by the automaton
[17/07/17 03:38:00:000 COT] DEBUG aspects.ProducerConsumer: [Aspectj] After: Returned or threw an Exception
[17/07/17 03:38:00:000 COT] DEBUG aspects.ProducerConsumer: [Aspectj] Before: Event not recognized by the automaton
[17/07/17 03:38:00:000 COT] DEBUG aspects.ProducerConsumer: [Aspectj] After: Returned or threw an Exception
[17/07/17 03:38:00:000 COT] DEBUG aspects.ProducerConsumer: [Aspectj] Before: Event not recognized by the automaton
[17/07/17 03:38:00:000 COT] DEBUG aspects.ProducerConsumer: [Aspectj] After: Returned or threw an Exception
[17/07/17 03:38:00:000 COT] DEBUG aspects.ProducerConsumer: [Aspectj] Before: Event not recognized by the automaton
[17/07/17 03:38:00:000 COT] DEBUG aspects.ProducerConsumer: [Aspectj] After: Returned or threw an Exception
[17/07/17 03:38:00:000 COT] DEBUG aspects.ProducerConsumer: [Aspectj] Before: Event not recognized by the automaton
[17/07/17 03:38:00:000 COT] DEBUG aspects.ProducerConsumer: [Aspectj] After: Returned or threw an Exception
[17/07/17 03:38:00:000 COT] DEBUG aspects.ProducerConsumer: [Aspectj] Before: Event not recognized by the automaton
[17/07/17 03:38:00:000 COT] DEBUG aspects.ProducerConsumer: [Aspectj] After: Returned or threw an Exception
[17/07/17 03:38:00:000 COT] DEBUG aspects.ProducerConsumer: [Aspectj] Before: Event not recognized by the automaton
[17/07/17 03:38:00:000 COT] DEBUG aspects.ProducerConsumer: [Aspectj] After: Returned or threw an Exception
[17/07/17 03:38:00:000 COT] DEBUG aspects.ProducerConsumer: [Aspectj] Before: Event not recognized by the automaton
[17/07/17 03:38:00:000 COT] DEBUG aspects.ProducerConsumer: [Aspectj] After: Returned or threw an Exception
[17/07/17 03:38:00:000 COT] DEBUG aspects.ProducerConsumer: [Aspectj] Before: Event not recognized by the automaton
[17/07/17 03:38:00:000 COT] DEBUG aspects.ProducerConsumer: [Aspectj] After: Returned or threw an Exception
[17/07/17 03:38:00:000 COT] DEBUG aspects.ProducerConsumer: [Aspectj] Before: Event not recognized by the automaton
[17/07/17 03:38:00:000 COT] DEBUG aspects.ProducerConsumer: [Aspectj] After: Returned or threw an Exception
[17/07/17 03:38:00:000 COT] DEBUG aspects.ProducerConsumer: [Aspectj] Before: Event not recognized by the automaton
[17/07/17 03:38:00:000 COT] DEBUG aspects.ProducerConsumer: [Aspectj] After: Returned or threw an Exception
[17/07/17 03:38:00:000 COT] DEBUG aspects.ProducerConsumer: [Aspectj] Before: Event not recognized by the automaton
[17/07/17 03:38:00:000 COT] DEBUG aspects.ProducerConsumer: [Aspectj] After: Returned or threw an Exception
[17/07/17 03:38:00:000 COT] DEBUG aspects.ProducerConsumer: [Aspectj] Before: Event not recognized by the automaton
[17/07/17 03:38:00:000 COT] DEBUG aspects.ProducerConsumer: [Aspectj] After: Returned or threw an Exception
[17/07/17 03:38:00:000 COT] DEBUG aspects.ProducerConsumer: [Aspectj] Before: Event not recognized by the automaton
[17/07/17 03:38:00:000 COT] DEBUG aspects.ProducerConsumer: [Aspectj] After: Returned or threw an Exception
[17/07/17 03:38:00:000 COT] DEBUG aspects.ProducerConsumer: [Aspectj] Before: Event not recognized by the automaton
[17/07/17 03:38:00:000 COT] DEBUG aspects.ProducerConsumer: [Aspectj] After: Returned or threw an Exception
[17/07/17 03:38:00:000 COT] DEBUG aspects.ProducerConsumer: [Aspectj] Before: Event not recognized by the automaton
[17/07/17 03:38:00:000 COT] DEBUG aspects.ProducerConsumer: [Aspectj] After: Returned or threw an Exception
[17/07/17 03:38:00:000 COT] DEBUG aspects.ProducerConsumer: [Aspectj] Before: Event not recognized by the automaton
[17/07/17 03:38:00:000 COT] DEBUG aspects.ProducerConsumer: [Aspectj] After: Returned or threw an Exception
[17/07/17 03:38:00:000 COT] DEBUG aspects.ProducerConsumer: [Aspectj] Before: Event not recognized by the automaton
[17/07/17 03:38:00:000 COT] DEBUG aspects.ProducerConsumer: [Aspectj] After: Returned or threw an Exception
[17/07/17 03:38:00:000 COT] DEBUG aspects.ProducerConsumer: [Aspectj] Before: Event not recognized by the automaton
[17/07/17 03:38:00:000 COT] DEBUG aspects.ProducerConsumer: [Aspectj] After: Returned or threw an Exception
[17/07/17 03:38:00:000 COT] DEBUG aspects.ProducerConsumer: [Aspectj] Before: Event not recognized by the automaton
[17/07/17 03:38:00:000 COT] DEBUG aspects.ProducerConsumer: [Aspectj] After: Returned or threw an Exception
[17/07/17 03:38:00:000 COT] DEBUG aspects.ProducerConsumer: [Aspectj] Before: Event not recognized by the automaton
[17/07/17 03:38:00:000 COT] DEBUG aspects.ProducerConsumer: [Aspectj] After: Returned or threw an Exception
[17/07/17 03:38:00:000 COT] DEBUG aspects.ProducerConsumer: [Aspectj] Before: Event not recognized by the automaton
[17/07/17 03:38:00:000 COT] DEBUG aspects.ProducerConsumer: [Aspectj] After: Returned or threw an Exception
[17/07/17 03:38:00:000 COT] DEBUG aspects.ProducerConsumer: [Aspectj] Before: Event not recognized by the automaton
[17/07/17 03:38:00:000 COT] DEBUG aspects.ProducerConsumer: [Aspectj] After: Returned or threw an Exception
[17/07/17 03:38:00:000 COT] DEBUG aspects.ProducerConsumer: [Aspectj] Before: Event not recognized by the automaton
[17/07/17 03:38:00:000 COT] DEBUG aspects.ProducerConsumer: [Aspectj] After: Returned or threw an Exception
[17/07/17 03:38:00:000 COT] DEBUG aspects.ProducerConsumer: [Aspectj] Before: Event not recognized by the automaton
[17/07/17 03:38:00:000 COT] DEBUG aspects.ProducerConsumer: [Aspectj] After: Returned or threw an Exception
[17/07/17 03:38:00:000 COT] DEBUG aspects.ProducerConsumer: [Aspectj] Before: Event not recognized by the automaton
[17/07/17 03:38:00:000 COT] DEBUG aspects.ProducerConsumer: [Aspectj] After: Returned or threw an Exception
[17/07/17 03:38:00:000 COT] DEBUG aspects.ProducerConsumer: [Aspectj] Before: Event not recognized by the automaton
[17/07/17 03:38:00:000 COT] DEBUG aspects.ProducerConsumer: [Aspectj] After: Returned or threw an Exception
[17/07/17 03:38:00:000 COT] DEBUG aspects.ProducerConsumer: [Aspectj] Before: Event not recognized by the automaton
[17/07/17 03:38:00:000 COT] DEBUG aspects.ProducerConsumer: [Aspectj] After: Returned or threw an Exception
[17/07/17 03:38:00:000 COT] DEBUG aspects.ProducerConsumer: [Aspectj] Before: Event not recognized by the automaton
[17/07/17 03:38:00:000 COT] DEBUG aspects.ProducerConsumer: [Aspectj] After: Returned or threw an Exception
[17/07/17 03:38:00:000 COT] DEBUG aspects.ProducerConsumer: [Aspectj] Before: Event not recognized by the automaton
[17/07/17 03:38:00:000 COT] DEBUG aspects.ProducerConsumer: [Aspectj] After: Returned or threw an Exception
[17/07/17 03:38:00:000 COT] DEBUG aspects.ProducerConsumer: [Aspectj] Before: Event not recognized by the automaton
[17/07/17 03:38:00:000 COT] DEBUG aspects.ProducerConsumer: [Aspectj] After: Returned or threw an Exception
[17/07/17 03:38:00:000 COT] DEBUG aspects.ProducerConsumer: [Aspectj] Before: Event not recognized by the automaton
[17/07/17 03:38:00:000 COT] DEBUG aspects.ProducerConsumer: [Aspectj] After: Returned or threw an Exception
[17/07/17 03:38:00:000 COT] DEBUG aspects.ProducerConsumer: [Aspectj] Before: Event not recognized by the automaton
[17/07/17 03:38:00:000 COT] DEBUG aspects.ProducerConsumer: [Aspectj] After: Returned or threw an Exception
[17/07/17 03:38:00:000 COT] DEBUG aspects.ProducerConsumer: [Aspectj] Before: Event not recognized by the automaton
[17/07/17 03:38:00:000 COT] DEBUG aspects.ProducerConsumer: [Aspectj] After: Returned or threw an Exception
[17/07/17 03:38:00:000 COT] DEBUG aspects.ProducerConsumer: [Aspectj] Before: Event not recognized by the automaton
[17/07/17 03:38:00:000 COT] DEBUG aspects.ProducerConsumer: [Aspectj] After: Returned or threw an Exception
[17/07/17 03:38:00:000 COT] DEBUG aspects.ProducerConsumer: [Aspectj] Before: Event not recognized by the automaton
[17/07/17 03:38:00:000 COT] DEBUG aspects.ProducerConsumer: [Aspectj] After: Returned or threw an Exception
[17/07/17 03:38:00:000 COT] DEBUG aspects.ProducerConsumer: [Aspectj] Before: Event not recognized by the automaton
[17/07/17 03:38:00:000 COT] DEBUG aspects.ProducerConsumer: [Aspectj] After: Returned or threw an Exception
[17/07/17 03:38:00:000 COT] DEBUG aspects.ProducerConsumer: [Aspectj] Before: Event not recognized by the automaton
[17/07/17 03:38:00:000 COT] DEBUG aspects.ProducerConsumer: [Aspectj] After: Returned or threw an Exception
[17/07/17 03:38:00:000 COT] DEBUG aspects.ProducerConsumer: [Aspectj] Before: Event not recognized by the automaton
[17/07/17 03:38:00:000 COT] DEBUG aspects.ProducerConsumer: [Aspectj] After: Returned or threw an Exception
[17/07/17 03:38:00:000 COT] DEBUG aspects.ProducerConsumer: [Aspectj] Before: Event not recognized by the automaton
[17/07/17 03:38:00:000 COT] DEBUG aspects.ProducerConsumer: [Aspectj] After: Returned or threw an Exception
[17/07/17 03:38:00:000 COT] DEBUG aspects.ProducerConsumer: [Aspectj] Before: Event not recognized by the automaton
[17/07/17 03:38:00:000 COT] DEBUG aspects.ProducerConsumer: [Aspectj] After: Returned or threw an Exception
[17/07/17 03:38:00:000 COT] DEBUG aspects.ProducerConsumer: [Aspectj] Before: Event not recognized by the automaton
[17/07/17 03:38:00:000 COT] DEBUG aspects.ProducerConsumer: [Aspectj] After: Returned or threw an Exception
[17/07/17 03:38:00:000 COT] DEBUG aspects.ProducerConsumer: [Aspectj] Before: Event not recognized by the automaton
[17/07/17 03:38:00:000 COT] DEBUG aspects.ProducerConsumer: [Aspectj] After: Returned or threw an Exception
[17/07/17 03:38:00:000 COT] DEBUG aspects.ProducerConsumer: [Aspectj] Before: Event not recognized by the automaton
[17/07/17 03:38:00:000 COT] DEBUG aspects.ProducerConsumer: [Aspectj] After: Returned or threw an Exception
[17/07/17 03:38:00:000 COT] DEBUG aspects.ProducerConsumer: [Aspectj] Before: Event not recognized by the automaton
[17/07/17 03:38:00:000 COT] DEBUG aspects.ProducerConsumer: [Aspectj] After: Returned or threw an Exception
[17/07/17 03:38:00:000 COT] DEBUG aspects.ProducerConsumer: [Aspectj] Before: Event not recognized by the automaton
[17/07/17 03:38:00:000 COT] DEBUG aspects.ProducerConsumer: [Aspectj] After: Returned or threw an Exception
[17/07/17 03:38:00:000 COT] DEBUG aspects.ProducerConsumer: [Aspectj] Before: Event not recognized by the automaton
[17/07/17 03:38:00:000 COT] DEBUG aspects.ProducerConsumer: [Aspectj] After: Returned or threw an Exception
[17/07/17 03:38:00:000 COT] DEBUG aspects.ProducerConsumer: [Aspectj] Before: Event not recognized by the automaton
[17/07/17 03:38:00:000 COT] DEBUG aspects.ProducerConsumer: [Aspectj] After: Returned or threw an Exception
[17/07/17 03:38:00:000 COT] DEBUG aspects.ProducerConsumer: [Aspectj] Before: Event not recognized by the automaton
[17/07/17 03:38:00:000 COT] DEBUG aspects.ProducerConsumer: [Aspectj] After: Returned or threw an Exception
[17/07/17 03:38:00:000 COT] DEBUG aspects.ProducerConsumer: [Aspectj] Before: Event not recognized by the automaton
[17/07/17 03:38:00:000 COT] DEBUG aspects.ProducerConsumer: [Aspectj] After: Returned or threw an Exception
[17/07/17 03:38:00:000 COT] DEBUG aspects.ProducerConsumer: [Aspectj] Before: Event not recognized by the automaton
[17/07/17 03:38:00:000 COT] DEBUG aspects.ProducerConsumer: [Aspectj] After: Returned or threw an Exception
[17/07/17 03:38:00:000 COT] DEBUG aspects.ProducerConsumer: [Aspectj] Before: Event not recognized by the automaton
[17/07/17 03:38:00:000 COT] DEBUG aspects.ProducerConsumer: [Aspectj] After: Returned or threw an Exception
[17/07/17 03:38:00:000 COT] DEBUG aspects.ProducerConsumer: [Aspectj] Before: Event not recognized by the automaton
[17/07/17 03:38:00:000 COT] DEBUG aspects.ProducerConsumer: [Aspectj] After: Returned or threw an Exception
[17/07/17 03:38:00:000 COT] DEBUG aspects.ProducerConsumer: [Aspectj] Before: Event not recognized by the automaton
[17/07/17 03:38:00:000 COT] DEBUG aspects.ProducerConsumer: [Aspectj] After: Returned or threw an Exception
[17/07/17 03:38:00:000 COT] DEBUG aspects.ProducerConsumer: [Aspectj] Before: Event not recognized by the automaton
[17/07/17 03:38:00:000 COT] DEBUG aspects.ProducerConsumer: [Aspectj] After: Returned or threw an Exception
[17/07/17 03:38:00:000 COT] DEBUG aspects.ProducerConsumer: [Aspectj] Before: Event not recognized by the automaton
[17/07/17 03:38:00:000 COT] DEBUG aspects.ProducerConsumer: [Aspectj] After: Returned or threw an Exception
[17/07/17 03:38:00:000 COT] DEBUG aspects.ProducerConsumer: [Aspectj] Before: Event not recognized by the automaton
[17/07/17 03:38:00:000 COT] DEBUG aspects.ProducerConsumer: [Aspectj] After: Returned or threw an Exception
[17/07/17 03:38:00:000 COT] DEBUG aspects.ProducerConsumer: [Aspectj] Before: Event not recognized by the automaton
[17/07/17 03:38:00:000 COT] DEBUG aspects.ProducerConsumer: [Aspectj] After: Returned or threw an Exception
[17/07/17 03:38:00:000 COT] DEBUG aspects.ProducerConsumer: [Aspectj] Before: Event not recognized by the automaton
[17/07/17 03:38:00:000 COT] DEBUG aspects.ProducerConsumer: [Aspectj] After: Returned or threw an Exception
[17/07/17 03:38:00:000 COT] DEBUG aspects.ProducerConsumer: [Aspectj] Before: Event not recognized by the automaton
[17/07/17 03:38:00:000 COT] DEBUG aspects.ProducerConsumer: [Aspectj] After: Returned or threw an Exception
[17/07/17 03:38:00:000 COT] DEBUG aspects.ProducerConsumer: [Aspectj] Before: Event not recognized by the automaton
[17/07/17 03:38:00:000 COT] DEBUG aspects.ProducerConsumer: [Aspectj] After: Returned or threw an Exception
[17/07/17 03:38:00:000 COT] DEBUG aspects.ProducerConsumer: [Aspectj] Before: Event not recognized by the automaton
[17/07/17 03:38:00:000 COT] DEBUG aspects.ProducerConsumer: [Aspectj] After: Returned or threw an Exception
[17/07/17 03:38:00:000 COT] DEBUG aspects.ProducerConsumer: [Aspectj] Before: Event not recognized by the automaton
[17/07/17 03:38:00:000 COT] DEBUG aspects.ProducerConsumer: [Aspectj] After: Returned or threw an Exception
[17/07/17 03:38:00:000 COT] DEBUG aspects.ProducerConsumer: [Aspectj] Before: Event not recognized by the automaton
[17/07/17 03:38:00:000 COT] DEBUG aspects.ProducerConsumer: [Aspectj] After: Returned or threw an Exception
[17/07/17 03:38:00:000 COT] DEBUG aspects.ProducerConsumer: [Aspectj] Before: Event not recognized by the automaton
[17/07/17 03:38:00:000 COT] DEBUG aspects.ProducerConsumer: [Aspectj] After: Returned or threw an Exception
[17/07/17 03:38:00:000 COT] DEBUG aspects.ProducerConsumer: [Aspectj] Before: Event not recognized by the automaton
[17/07/17 03:38:00:000 COT] DEBUG aspects.ProducerConsumer: [Aspectj] After: Returned or threw an Exception
[17/07/17 03:38:00:000 COT] DEBUG aspects.ProducerConsumer: [Aspectj] Before: Event not recognized by the automaton
[17/07/17 03:38:00:000 COT] DEBUG aspects.ProducerConsumer: [Aspectj] After: Returned or threw an Exception
[17/07/17 03:38:00:000 COT] DEBUG aspects.ProducerConsumer: [Aspectj] Before: Event not recognized by the automaton
[17/07/17 03:38:00:000 COT] DEBUG aspects.ProducerConsumer: [Aspectj] After: Returned or threw an Exception
[17/07/17 03:38:00:000 COT] DEBUG aspects.ProducerConsumer: [Aspectj] Before: Event not recognized by the automaton
[17/07/17 03:38:00:000 COT] DEBUG aspects.ProducerConsumer: [Aspectj] After: Returned or threw an Exception
[17/07/17 03:38:00:000 COT] DEBUG aspects.ProducerConsumer: [Aspectj] Before: Event not recognized by the automaton
[17/07/17 03:38:00:000 COT] DEBUG aspects.ProducerConsumer: [Aspectj] After: Returned or threw an Exception
[17/07/17 03:38:00:000 COT] DEBUG aspects.ProducerConsumer: [Aspectj] Before: Event not recognized by the automaton
[17/07/17 03:38:00:000 COT] DEBUG aspects.ProducerConsumer: [Aspectj] After: Returned or threw an Exception
[17/07/17 03:41:47:047 COT] DEBUG jgroups.JGroupsAbstractFacade: ** view: [linux77-21252|0] (1) [linux77-21252]
[17/07/17 03:41:49:049 COT] DEBUG jgroups.JGroupsAbstractFacade: ** view: [linux77-21252|1] (2) [linux77-21252, linux77-62732]
[17/07/17 03:41:49:049 COT] DEBUG jgroups.JGroupsAbstractFacade: ** view: [linux77-21252|1] (2) [linux77-21252, linux77-62732]
[17/07/17 03:41:51:051 COT] DEBUG aspects.ProducerConsumer: [Aspectj] Before: Event not recognized by the automaton
[17/07/17 03:41:51:051 COT] DEBUG aspects.ProducerConsumer: [Aspectj] After: Returned or threw an Exception
[17/07/17 03:41:52:052 COT] DEBUG aspects.ProducerConsumer: [Aspectj] Before: Event not recognized by the automaton
[17/07/17 03:41:52:052 COT] DEBUG aspects.ProducerConsumer: [Aspectj] After: Returned or threw an Exception
[17/07/17 03:41:58:058 COT] DEBUG jgroups.JGroupsAbstractFacade: ** view: [linux77-21252|2] (3) [linux77-21252, linux77-62732, linux77-15462]
[17/07/17 03:41:58:058 COT] DEBUG jgroups.JGroupsAbstractFacade: ** view: [linux77-21252|2] (3) [linux77-21252, linux77-62732, linux77-15462]
[17/07/17 03:41:58:058 COT] DEBUG jgroups.JGroupsAbstractFacade: ** view: [linux77-21252|2] (3) [linux77-21252, linux77-62732, linux77-15462]
[17/07/17 03:41:58:058 COT] DEBUG aspects.ProducerConsumer: [Aspectj] Before: Returned or threw an Exception
[17/07/17 03:41:58:058 COT] DEBUG aspects.ProducerConsumer: [Aspectj] After: Returned or threw an Exception
[17/07/17 03:42:10:010 COT] DEBUG jgroups.JGroupsAbstractFacade: ** view: [linux77-21252|3] (2) [linux77-21252, linux77-62732]
[17/07/17 03:42:10:010 COT] DEBUG jgroups.JGroupsAbstractFacade: ** view: [linux77-21252|3] (2) [linux77-21252, linux77-62732]
[17/07/17 03:43:27:027 COT] DEBUG jgroups.JGroupsAbstractFacade: ** view: [linux77-54100|0] (1) [linux77-54100]
[17/07/17 03:43:29:029 COT] DEBUG aspects.ProducerConsumer: [Aspectj] Before: Event not recognized by the automaton
[17/07/17 03:43:29:029 COT] DEBUG aspects.ProducerConsumer: [Aspectj] After: Returned or threw an Exception
[17/07/17 03:43:31:031 COT] DEBUG jgroups.JGroupsAbstractFacade: ** view: [linux77-54100|1] (2) [linux77-54100, linux77-36087]
[17/07/17 03:43:31:031 COT] DEBUG jgroups.JGroupsAbstractFacade: ** view: [linux77-54100|1] (2) [linux77-54100, linux77-36087]
[17/07/17 03:43:31:031 COT] DEBUG aspects.ProducerConsumer: [Aspectj] Before: Event not recognized by the automaton
[17/07/17 03:43:31:031 COT] DEBUG aspects.ProducerConsumer: [Aspectj] After: Returned or threw an Exception
[17/07/17 03:43:37:037 COT] DEBUG jgroups.JGroupsAbstractFacade: ** view: [linux77-54100|2] (3) [linux77-54100, linux77-36087, linux77-19217]
[17/07/17 03:43:37:037 COT] DEBUG jgroups.JGroupsAbstractFacade: ** view: [linux77-54100|2] (3) [linux77-54100, linux77-36087, linux77-19217]
[17/07/17 03:43:37:037 COT] DEBUG jgroups.JGroupsAbstractFacade: ** view: [linux77-54100|2] (3) [linux77-54100, linux77-36087, linux77-19217]
[17/07/17 03:43:37:037 COT] DEBUG aspects.ProducerConsumer: [Aspectj] Before: Returned or threw an Exception
[17/07/17 03:43:37:037 COT] DEBUG aspects.ProducerConsumer: [Aspectj] After: Returned or threw an Exception
[17/07/17 03:43:49:049 COT] DEBUG jgroups.JGroupsAbstractFacade: ** view: [linux77-54100|3] (2) [linux77-54100, linux77-36087]
[17/07/17 03:43:49:049 COT] DEBUG jgroups.JGroupsAbstractFacade: ** view: [linux77-54100|3] (2) [linux77-54100, linux77-36087]
[17/07/17 03:44:57:057 COT] DEBUG jgroups.JGroupsAbstractFacade: ** view: [linux77-36919|0] (1) [linux77-36919]
[17/07/17 03:44:59:059 COT] DEBUG aspects.ProducerConsumer: [Aspectj] Before: Event not recognized by the automaton
[17/07/17 03:44:59:059 COT] DEBUG aspects.ProducerConsumer: [Aspectj] After: Returned or threw an Exception
[17/07/17 03:45:04:004 COT] DEBUG jgroups.JGroupsAbstractFacade: ** view: [linux77-36919|1] (2) [linux77-36919, linux77-42779]
[17/07/17 03:45:09:009 COT] DEBUG jgroups.JGroupsAbstractFacade: ** view: [linux77-36919|1] (2) [linux77-36919, linux77-42779]
[17/07/17 03:45:09:009 COT] DEBUG aspects.ProducerConsumer: [Aspectj] Before: Returned or threw an Exception
[17/07/17 03:45:09:009 COT] DEBUG aspects.ProducerConsumer: [Aspectj] After: Returned or threw an Exception
[17/07/17 03:45:10:010 COT] DEBUG aspects.ProducerConsumer: [Aspectj] Before: Returned or threw an Exception
[17/07/17 03:45:10:010 COT] DEBUG aspects.ProducerConsumer: [Aspectj] After: Returned or threw an Exception
[17/07/17 03:45:10:010 COT] DEBUG aspects.ProducerConsumer: [Aspectj] Before: Returned or threw an Exception
[17/07/17 03:45:10:010 COT] DEBUG aspects.ProducerConsumer: [Aspectj] After: Returned or threw an Exception
[17/07/17 03:45:10:010 COT] DEBUG aspects.ProducerConsumer: [Aspectj] Before: Returned or threw an Exception
[17/07/17 03:45:10:010 COT] DEBUG aspects.ProducerConsumer: [Aspectj] After: Returned or threw an Exception
[17/07/17 03:45:10:010 COT] DEBUG aspects.ProducerConsumer: [Aspectj] Before: Returned or threw an Exception
[17/07/17 03:45:10:010 COT] DEBUG aspects.ProducerConsumer: [Aspectj] After: Returned or threw an Exception
[17/07/17 03:45:10:010 COT] DEBUG aspects.ProducerConsumer: [Aspectj] Before: Returned or threw an Exception
[17/07/17 03:45:10:010 COT] DEBUG aspects.ProducerConsumer: [Aspectj] After: Returned or threw an Exception
[17/07/17 03:45:10:010 COT] DEBUG aspects.ProducerConsumer: [Aspectj] Before: Returned or threw an Exception
[17/07/17 03:45:10:010 COT] DEBUG aspects.ProducerConsumer: [Aspectj] After: Returned or threw an Exception
[17/07/17 03:45:10:010 COT] DEBUG aspects.ProducerConsumer: [Aspectj] Before: Returned or threw an Exception
[17/07/17 03:45:10:010 COT] DEBUG aspects.ProducerConsumer: [Aspectj] After: Returned or threw an Exception
[17/07/17 03:45:10:010 COT] DEBUG aspects.ProducerConsumer: [Aspectj] Before: Returned or threw an Exception
[17/07/17 03:45:10:010 COT] DEBUG aspects.ProducerConsumer: [Aspectj] After: Returned or threw an Exception
[17/07/17 03:45:10:010 COT] DEBUG aspects.ProducerConsumer: [Aspectj] Before: Returned or threw an Exception
[17/07/17 03:45:10:010 COT] DEBUG aspects.ProducerConsumer: [Aspectj] After: Returned or threw an Exception
[17/07/17 03:45:10:010 COT] DEBUG aspects.ProducerConsumer: [Aspectj] Before: Returned or threw an Exception
[17/07/17 03:45:10:010 COT] DEBUG aspects.ProducerConsumer: [Aspectj] After: Returned or threw an Exception
[17/07/17 03:45:10:010 COT] DEBUG aspects.ProducerConsumer: [Aspectj] Before: Returned or threw an Exception
[17/07/17 03:45:10:010 COT] DEBUG aspects.ProducerConsumer: [Aspectj] After: Returned or threw an Exception
[17/07/17 03:45:10:010 COT] DEBUG aspects.ProducerConsumer: [Aspectj] Before: Returned or threw an Exception
[17/07/17 03:45:10:010 COT] DEBUG aspects.ProducerConsumer: [Aspectj] After: Returned or threw an Exception
[17/07/17 03:45:10:010 COT] DEBUG aspects.ProducerConsumer: [Aspectj] Before: Returned or threw an Exception
[17/07/17 03:45:10:010 COT] DEBUG aspects.ProducerConsumer: [Aspectj] After: Returned or threw an Exception
[17/07/17 03:45:10:010 COT] DEBUG aspects.ProducerConsumer: [Aspectj] Before: Returned or threw an Exception
[17/07/17 03:45:10:010 COT] DEBUG aspects.ProducerConsumer: [Aspectj] After: Returned or threw an Exception
[17/07/17 03:45:10:010 COT] DEBUG aspects.ProducerConsumer: [Aspectj] Before: Returned or threw an Exception
[17/07/17 03:45:10:010 COT] DEBUG aspects.ProducerConsumer: [Aspectj] After: Returned or threw an Exception
[17/07/17 03:45:10:010 COT] DEBUG aspects.ProducerConsumer: [Aspectj] Before: Returned or threw an Exception
[17/07/17 03:45:10:010 COT] DEBUG aspects.ProducerConsumer: [Aspectj] After: Returned or threw an Exception
[17/07/17 03:45:10:010 COT] DEBUG aspects.ProducerConsumer: [Aspectj] Before: Returned or threw an Exception
[17/07/17 03:45:10:010 COT] DEBUG aspects.ProducerConsumer: [Aspectj] After: Returned or threw an Exception
[17/07/17 03:45:10:010 COT] DEBUG aspects.ProducerConsumer: [Aspectj] Before: Returned or threw an Exception
[17/07/17 03:45:10:010 COT] DEBUG aspects.ProducerConsumer: [Aspectj] After: Returned or threw an Exception
[17/07/17 03:45:10:010 COT] DEBUG aspects.ProducerConsumer: [Aspectj] Before: Returned or threw an Exception
[17/07/17 03:45:10:010 COT] DEBUG aspects.ProducerConsumer: [Aspectj] After: Returned or threw an Exception
[17/07/17 03:45:10:010 COT] DEBUG aspects.ProducerConsumer: [Aspectj] Before: Returned or threw an Exception
[17/07/17 03:45:10:010 COT] DEBUG aspects.ProducerConsumer: [Aspectj] After: Returned or threw an Exception
[17/07/17 03:45:10:010 COT] DEBUG aspects.ProducerConsumer: [Aspectj] Before: Returned or threw an Exception
[17/07/17 03:45:10:010 COT] DEBUG aspects.ProducerConsumer: [Aspectj] After: Returned or threw an Exception
[17/07/17 03:45:10:010 COT] DEBUG aspects.ProducerConsumer: [Aspectj] Before: Returned or threw an Exception
[17/07/17 03:45:10:010 COT] DEBUG aspects.ProducerConsumer: [Aspectj] After: Returned or threw an Exception
[17/07/17 03:45:10:010 COT] DEBUG aspects.ProducerConsumer: [Aspectj] Before: Returned or threw an Exception
[17/07/17 03:45:10:010 COT] DEBUG aspects.ProducerConsumer: [Aspectj] After: Returned or threw an Exception
[17/07/17 03:45:10:010 COT] DEBUG aspects.ProducerConsumer: [Aspectj] Before: Returned or threw an Exception
[17/07/17 03:45:10:010 COT] DEBUG aspects.ProducerConsumer: [Aspectj] After: Returned or threw an Exception
[17/07/17 03:45:10:010 COT] DEBUG aspects.ProducerConsumer: [Aspectj] Before: Returned or threw an Exception
[17/07/17 03:45:10:010 COT] DEBUG aspects.ProducerConsumer: [Aspectj] After: Returned or threw an Exception
[17/07/17 03:45:10:010 COT] DEBUG aspects.ProducerConsumer: [Aspectj] Before: Returned or threw an Exception
[17/07/17 03:45:10:010 COT] DEBUG aspects.ProducerConsumer: [Aspectj] After: Returned or threw an Exception
[17/07/17 03:45:10:010 COT] DEBUG aspects.ProducerConsumer: [Aspectj] Before: Returned or threw an Exception
[17/07/17 03:45:10:010 COT] DEBUG aspects.ProducerConsumer: [Aspectj] After: Returned or threw an Exception
[17/07/17 03:45:10:010 COT] DEBUG aspects.ProducerConsumer: [Aspectj] Before: Returned or threw an Exception
[17/07/17 03:45:10:010 COT] DEBUG aspects.ProducerConsumer: [Aspectj] After: Returned or threw an Exception
[17/07/17 03:45:10:010 COT] DEBUG aspects.ProducerConsumer: [Aspectj] Before: Returned or threw an Exception
[17/07/17 03:45:10:010 COT] DEBUG aspects.ProducerConsumer: [Aspectj] After: Returned or threw an Exception
[17/07/17 03:45:10:010 COT] DEBUG aspects.ProducerConsumer: [Aspectj] Before: Returned or threw an Exception
[17/07/17 03:45:10:010 COT] DEBUG aspects.ProducerConsumer: [Aspectj] After: Returned or threw an Exception
[17/07/17 03:45:10:010 COT] DEBUG aspects.ProducerConsumer: [Aspectj] Before: Returned or threw an Exception
[17/07/17 03:45:10:010 COT] DEBUG aspects.ProducerConsumer: [Aspectj] After: Returned or threw an Exception
[17/07/17 03:45:10:010 COT] DEBUG aspects.ProducerConsumer: [Aspectj] Before: Returned or threw an Exception
[17/07/17 03:45:10:010 COT] DEBUG aspects.ProducerConsumer: [Aspectj] After: Returned or threw an Exception
[17/07/17 03:45:10:010 COT] DEBUG aspects.ProducerConsumer: [Aspectj] Before: Returned or threw an Exception
[17/07/17 03:45:10:010 COT] DEBUG aspects.ProducerConsumer: [Aspectj] After: Returned or threw an Exception
[17/07/17 03:45:10:010 COT] DEBUG aspects.ProducerConsumer: [Aspectj] Before: Returned or threw an Exception
[17/07/17 03:45:10:010 COT] DEBUG aspects.ProducerConsumer: [Aspectj] After: Returned or threw an Exception
[17/07/17 03:45:10:010 COT] DEBUG aspects.ProducerConsumer: [Aspectj] Before: Returned or threw an Exception
[17/07/17 03:45:10:010 COT] DEBUG aspects.ProducerConsumer: [Aspectj] After: Returned or threw an Exception
[17/07/17 03:45:10:010 COT] DEBUG aspects.ProducerConsumer: [Aspectj] Before: Returned or threw an Exception
[17/07/17 03:45:10:010 COT] DEBUG aspects.ProducerConsumer: [Aspectj] After: Returned or threw an Exception
[17/07/17 03:45:10:010 COT] DEBUG aspects.ProducerConsumer: [Aspectj] Before: Returned or threw an Exception
[17/07/17 03:45:10:010 COT] DEBUG aspects.ProducerConsumer: [Aspectj] After: Returned or threw an Exception
[17/07/17 03:45:10:010 COT] DEBUG aspects.ProducerConsumer: [Aspectj] Before: Returned or threw an Exception
[17/07/17 03:45:10:010 COT] DEBUG aspects.ProducerConsumer: [Aspectj] After: Returned or threw an Exception
[17/07/17 03:45:10:010 COT] DEBUG aspects.ProducerConsumer: [Aspectj] Before: Returned or threw an Exception
[17/07/17 03:45:10:010 COT] DEBUG aspects.ProducerConsumer: [Aspectj] After: Returned or threw an Exception
[17/07/17 03:45:10:010 COT] DEBUG aspects.ProducerConsumer: [Aspectj] Before: Returned or threw an Exception
[17/07/17 03:45:10:010 COT] DEBUG aspects.ProducerConsumer: [Aspectj] After: Returned or threw an Exception
[17/07/17 03:45:10:010 COT] DEBUG aspects.ProducerConsumer: [Aspectj] Before: Returned or threw an Exception
[17/07/17 03:45:10:010 COT] DEBUG aspects.ProducerConsumer: [Aspectj] After: Returned or threw an Exception
[17/07/17 03:45:10:010 COT] DEBUG aspects.ProducerConsumer: [Aspectj] Before: Returned or threw an Exception
[17/07/17 03:45:10:010 COT] DEBUG aspects.ProducerConsumer: [Aspectj] After: Returned or threw an Exception
[17/07/17 03:45:10:010 COT] DEBUG aspects.ProducerConsumer: [Aspectj] Before: Returned or threw an Exception
[17/07/17 03:45:10:010 COT] DEBUG aspects.ProducerConsumer: [Aspectj] After: Returned or threw an Exception
[17/07/17 03:45:10:010 COT] DEBUG aspects.ProducerConsumer: [Aspectj] Before: Returned or threw an Exception
[17/07/17 03:45:10:010 COT] DEBUG aspects.ProducerConsumer: [Aspectj] After: Returned or threw an Exception
[17/07/17 03:45:10:010 COT] DEBUG aspects.ProducerConsumer: [Aspectj] Before: Returned or threw an Exception
[17/07/17 03:45:10:010 COT] DEBUG aspects.ProducerConsumer: [Aspectj] After: Returned or threw an Exception
[17/07/17 03:45:10:010 COT] DEBUG aspects.ProducerConsumer: [Aspectj] Before: Returned or threw an Exception
[17/07/17 03:45:10:010 COT] DEBUG aspects.ProducerConsumer: [Aspectj] After: Returned or threw an Exception
[17/07/17 03:45:10:010 COT] DEBUG aspects.ProducerConsumer: [Aspectj] Before: Returned or threw an Exception
[17/07/17 03:45:10:010 COT] DEBUG aspects.ProducerConsumer: [Aspectj] After: Returned or threw an Exception
[17/07/17 03:45:10:010 COT] DEBUG aspects.ProducerConsumer: [Aspectj] Before: Returned or threw an Exception
[17/07/17 03:45:10:010 COT] DEBUG aspects.ProducerConsumer: [Aspectj] After: Returned or threw an Exception
[17/07/17 03:45:10:010 COT] DEBUG aspects.ProducerConsumer: [Aspectj] Before: Returned or threw an Exception
[17/07/17 03:45:10:010 COT] DEBUG aspects.ProducerConsumer: [Aspectj] After: Returned or threw an Exception
[17/07/17 03:45:10:010 COT] DEBUG aspects.ProducerConsumer: [Aspectj] Before: Returned or threw an Exception
[17/07/17 03:45:10:010 COT] DEBUG aspects.ProducerConsumer: [Aspectj] After: Returned or threw an Exception
[17/07/17 03:45:10:010 COT] DEBUG aspects.ProducerConsumer: [Aspectj] Before: Returned or threw an Exception
[17/07/17 03:45:10:010 COT] DEBUG aspects.ProducerConsumer: [Aspectj] After: Returned or threw an Exception
[17/07/17 03:45:10:010 COT] DEBUG aspects.ProducerConsumer: [Aspectj] Before: Returned or threw an Exception
[17/07/17 03:45:10:010 COT] DEBUG aspects.ProducerConsumer: [Aspectj] After: Returned or threw an Exception
[17/07/17 03:45:10:010 COT] DEBUG aspects.ProducerConsumer: [Aspectj] Before: Returned or threw an Exception
[17/07/17 03:45:10:010 COT] DEBUG aspects.ProducerConsumer: [Aspectj] After: Returned or threw an Exception
[17/07/17 03:45:10:010 COT] DEBUG aspects.ProducerConsumer: [Aspectj] Before: Returned or threw an Exception
[17/07/17 03:45:10:010 COT] DEBUG aspects.ProducerConsumer: [Aspectj] After: Returned or threw an Exception
[17/07/17 03:45:10:010 COT] DEBUG aspects.ProducerConsumer: [Aspectj] Before: Returned or threw an Exception
[17/07/17 03:45:10:010 COT] DEBUG aspects.ProducerConsumer: [Aspectj] After: Returned or threw an Exception
[17/07/17 03:45:10:010 COT] DEBUG aspects.ProducerConsumer: [Aspectj] Before: Returned or threw an Exception
[17/07/17 03:45:10:010 COT] DEBUG aspects.ProducerConsumer: [Aspectj] After: Returned or threw an Exception
[17/07/17 03:45:10:010 COT] DEBUG aspects.ProducerConsumer: [Aspectj] Before: Returned or threw an Exception
[17/07/17 03:45:10:010 COT] DEBUG aspects.ProducerConsumer: [Aspectj] After: Returned or threw an Exception
[17/07/17 03:45:10:010 COT] DEBUG aspects.ProducerConsumer: [Aspectj] Before: Returned or threw an Exception
[17/07/17 03:45:10:010 COT] DEBUG aspects.ProducerConsumer: [Aspectj] After: Returned or threw an Exception
[17/07/17 03:45:10:010 COT] DEBUG aspects.ProducerConsumer: [Aspectj] Before: Returned or threw an Exception
[17/07/17 03:45:10:010 COT] DEBUG aspects.ProducerConsumer: [Aspectj] After: Returned or threw an Exception
[17/07/17 03:45:10:010 COT] DEBUG aspects.ProducerConsumer: [Aspectj] Before: Returned or threw an Exception
[17/07/17 03:45:10:010 COT] DEBUG aspects.ProducerConsumer: [Aspectj] After: Returned or threw an Exception
[17/07/17 03:45:10:010 COT] DEBUG aspects.ProducerConsumer: [Aspectj] Before: Returned or threw an Exception
[17/07/17 03:45:10:010 COT] DEBUG aspects.ProducerConsumer: [Aspectj] After: Returned or threw an Exception
[17/07/17 03:45:10:010 COT] DEBUG aspects.ProducerConsumer: [Aspectj] Before: Returned or threw an Exception
[17/07/17 03:45:10:010 COT] DEBUG aspects.ProducerConsumer: [Aspectj] After: Returned or threw an Exception
[17/07/17 03:45:10:010 COT] DEBUG aspects.ProducerConsumer: [Aspectj] Before: Returned or threw an Exception
[17/07/17 03:45:10:010 COT] DEBUG aspects.ProducerConsumer: [Aspectj] After: Returned or threw an Exception
[17/07/17 03:45:10:010 COT] DEBUG aspects.ProducerConsumer: [Aspectj] Before: Returned or threw an Exception
[17/07/17 03:45:10:010 COT] DEBUG aspects.ProducerConsumer: [Aspectj] After: Returned or threw an Exception
[17/07/17 03:45:10:010 COT] DEBUG aspects.ProducerConsumer: [Aspectj] Before: Returned or threw an Exception
[17/07/17 03:45:10:010 COT] DEBUG aspects.ProducerConsumer: [Aspectj] After: Returned or threw an Exception
[17/07/17 03:45:10:010 COT] DEBUG aspects.ProducerConsumer: [Aspectj] Before: Returned or threw an Exception
[17/07/17 03:45:10:010 COT] DEBUG aspects.ProducerConsumer: [Aspectj] After: Returned or threw an Exception
[17/07/17 03:45:10:010 COT] DEBUG aspects.ProducerConsumer: [Aspectj] Before: Returned or threw an Exception
[17/07/17 03:45:10:010 COT] DEBUG aspects.ProducerConsumer: [Aspectj] After: Returned or threw an Exception
[17/07/17 03:45:10:010 COT] DEBUG aspects.ProducerConsumer: [Aspectj] Before: Returned or threw an Exception
[17/07/17 03:45:10:010 COT] DEBUG aspects.ProducerConsumer: [Aspectj] After: Returned or threw an Exception
[17/07/17 03:45:10:010 COT] DEBUG aspects.ProducerConsumer: [Aspectj] Before: Returned or threw an Exception
[17/07/17 03:45:10:010 COT] DEBUG aspects.ProducerConsumer: [Aspectj] After: Returned or threw an Exception
[17/07/17 03:45:10:010 COT] DEBUG aspects.ProducerConsumer: [Aspectj] Before: Returned or threw an Exception
[17/07/17 03:45:10:010 COT] DEBUG aspects.ProducerConsumer: [Aspectj] After: Returned or threw an Exception
[17/07/17 03:45:10:010 COT] DEBUG aspects.ProducerConsumer: [Aspectj] Before: Returned or threw an Exception
[17/07/17 03:45:10:010 COT] DEBUG aspects.ProducerConsumer: [Aspectj] After: Returned or threw an Exception
[17/07/17 03:45:10:010 COT] DEBUG aspects.ProducerConsumer: [Aspectj] Before: Returned or threw an Exception
[17/07/17 03:45:10:010 COT] DEBUG aspects.ProducerConsumer: [Aspectj] After: Returned or threw an Exception
[17/07/17 03:45:10:010 COT] DEBUG aspects.ProducerConsumer: [Aspectj] Before: Returned or threw an Exception
[17/07/17 03:45:10:010 COT] DEBUG aspects.ProducerConsumer: [Aspectj] After: Returned or threw an Exception
[17/07/17 03:45:10:010 COT] DEBUG aspects.ProducerConsumer: [Aspectj] Before: Returned or threw an Exception
[17/07/17 03:45:10:010 COT] DEBUG aspects.ProducerConsumer: [Aspectj] After: Returned or threw an Exception
[17/07/17 03:45:10:010 COT] DEBUG aspects.ProducerConsumer: [Aspectj] Before: Returned or threw an Exception
[17/07/17 03:45:10:010 COT] DEBUG aspects.ProducerConsumer: [Aspectj] After: Returned or threw an Exception
[17/07/17 03:45:10:010 COT] DEBUG aspects.ProducerConsumer: [Aspectj] Before: Returned or threw an Exception
[17/07/17 03:45:10:010 COT] DEBUG aspects.ProducerConsumer: [Aspectj] After: Returned or threw an Exception
[17/07/17 03:45:10:010 COT] DEBUG aspects.ProducerConsumer: [Aspectj] Before: Returned or threw an Exception
[17/07/17 03:45:10:010 COT] DEBUG aspects.ProducerConsumer: [Aspectj] After: Returned or threw an Exception
[17/07/17 03:45:10:010 COT] DEBUG aspects.ProducerConsumer: [Aspectj] Before: Returned or threw an Exception
[17/07/17 03:45:10:010 COT] DEBUG aspects.ProducerConsumer: [Aspectj] After: Returned or threw an Exception
[17/07/17 03:45:10:010 COT] DEBUG aspects.ProducerConsumer: [Aspectj] Before: Returned or threw an Exception
[17/07/17 03:45:10:010 COT] DEBUG aspects.ProducerConsumer: [Aspectj] After: Returned or threw an Exception
[17/07/17 03:45:10:010 COT] DEBUG aspects.ProducerConsumer: [Aspectj] Before: Returned or threw an Exception
[17/07/17 03:45:10:010 COT] DEBUG aspects.ProducerConsumer: [Aspectj] After: Returned or threw an Exception
[17/07/17 03:45:10:010 COT] DEBUG aspects.ProducerConsumer: [Aspectj] Before: Returned or threw an Exception
[17/07/17 03:45:10:010 COT] DEBUG aspects.ProducerConsumer: [Aspectj] After: Returned or threw an Exception
[17/07/17 03:45:10:010 COT] DEBUG aspects.ProducerConsumer: [Aspectj] Before: Returned or threw an Exception
[17/07/17 03:45:10:010 COT] DEBUG aspects.ProducerConsumer: [Aspectj] After: Returned or threw an Exception
[17/07/17 03:45:10:010 COT] DEBUG aspects.ProducerConsumer: [Aspectj] Before: Returned or threw an Exception
[17/07/17 03:45:10:010 COT] DEBUG aspects.ProducerConsumer: [Aspectj] After: Returned or threw an Exception
[17/07/17 03:45:10:010 COT] DEBUG aspects.ProducerConsumer: [Aspectj] Before: Returned or threw an Exception
[17/07/17 03:45:10:010 COT] DEBUG aspects.ProducerConsumer: [Aspectj] After: Returned or threw an Exception
[17/07/17 03:45:10:010 COT] DEBUG aspects.ProducerConsumer: [Aspectj] Before: Returned or threw an Exception
[17/07/17 03:45:10:010 COT] DEBUG aspects.ProducerConsumer: [Aspectj] After: Returned or threw an Exception
[17/07/17 03:45:10:010 COT] DEBUG aspects.ProducerConsumer: [Aspectj] Before: Returned or threw an Exception
[17/07/17 03:45:10:010 COT] DEBUG aspects.ProducerConsumer: [Aspectj] After: Returned or threw an Exception
[17/07/17 03:45:10:010 COT] DEBUG aspects.ProducerConsumer: [Aspectj] Before: Returned or threw an Exception
[17/07/17 03:45:10:010 COT] DEBUG aspects.ProducerConsumer: [Aspectj] After: Returned or threw an Exception
[17/07/17 03:45:10:010 COT] DEBUG aspects.ProducerConsumer: [Aspectj] Before: Returned or threw an Exception
[17/07/17 03:45:10:010 COT] DEBUG aspects.ProducerConsumer: [Aspectj] After: Returned or threw an Exception
[17/07/17 03:45:10:010 COT] DEBUG aspects.ProducerConsumer: [Aspectj] Before: Returned or threw an Exception
[17/07/17 03:45:10:010 COT] DEBUG aspects.ProducerConsumer: [Aspectj] After: Returned or threw an Exception
[17/07/17 03:45:10:010 COT] DEBUG aspects.ProducerConsumer: [Aspectj] Before: Returned or threw an Exception
[17/07/17 03:45:10:010 COT] DEBUG aspects.ProducerConsumer: [Aspectj] After: Returned or threw an Exception
[17/07/17 03:45:10:010 COT] DEBUG aspects.ProducerConsumer: [Aspectj] Before: Returned or threw an Exception
[17/07/17 03:45:10:010 COT] DEBUG aspects.ProducerConsumer: [Aspectj] After: Returned or threw an Exception
[17/07/17 03:45:10:010 COT] DEBUG aspects.ProducerConsumer: [Aspectj] Before: Returned or threw an Exception
[17/07/17 03:45:10:010 COT] DEBUG aspects.ProducerConsumer: [Aspectj] After: Returned or threw an Exception
[17/07/17 03:45:10:010 COT] DEBUG aspects.ProducerConsumer: [Aspectj] Before: Returned or threw an Exception
[17/07/17 03:45:10:010 COT] DEBUG aspects.ProducerConsumer: [Aspectj] After: Returned or threw an Exception
[17/07/17 03:45:10:010 COT] DEBUG aspects.ProducerConsumer: [Aspectj] Before: Returned or threw an Exception
[17/07/17 03:45:10:010 COT] DEBUG aspects.ProducerConsumer: [Aspectj] After: Returned or threw an Exception
[17/07/17 03:45:10:010 COT] DEBUG aspects.ProducerConsumer: [Aspectj] Before: Returned or threw an Exception
[17/07/17 03:45:10:010 COT] DEBUG aspects.ProducerConsumer: [Aspectj] After: Returned or threw an Exception
[17/07/17 03:45:10:010 COT] DEBUG aspects.ProducerConsumer: [Aspectj] Before: Returned or threw an Exception
[17/07/17 03:45:10:010 COT] DEBUG aspects.ProducerConsumer: [Aspectj] After: Returned or threw an Exception
[17/07/17 03:45:10:010 COT] DEBUG aspects.ProducerConsumer: [Aspectj] Before: Returned or threw an Exception
[17/07/17 03:45:10:010 COT] DEBUG aspects.ProducerConsumer: [Aspectj] After: Returned or threw an Exception
[17/07/17 03:45:10:010 COT] DEBUG aspects.ProducerConsumer: [Aspectj] Before: Returned or threw an Exception
[17/07/17 03:45:10:010 COT] DEBUG aspects.ProducerConsumer: [Aspectj] After: Returned or threw an Exception
[17/07/17 03:45:10:010 COT] DEBUG aspects.ProducerConsumer: [Aspectj] Before: Returned or threw an Exception
[17/07/17 03:45:10:010 COT] DEBUG aspects.ProducerConsumer: [Aspectj] After: Returned or threw an Exception
[17/07/17 03:45:10:010 COT] DEBUG aspects.ProducerConsumer: [Aspectj] Before: Returned or threw an Exception
[17/07/17 03:45:10:010 COT] DEBUG aspects.ProducerConsumer: [Aspectj] After: Returned or threw an Exception
